Using pre-set license
Built from '2021.3/staging' branch; Version is '2021.3.19f1 (c9714fde33b6) revision 13201743'; Using compiler version '192829333'; Build Type 'Release'
OS: 'Windows 10  (10.0.17763) 64bit EnterpriseS' Language: 'en' Physical Memory: 16337 MB
BatchMode: 1, IsHumanControllingUs: 0, StartBugReporterOnCrash: 0, Is64bit: 1, IsPro: 1

COMMAND LINE ARGUMENTS:
D:\2021.3.19f1\Editor\Unity.exe
-adb2
-batchMode
-noUpm
-name
AssetImportWorker1
-projectPath
D:/tugas/Piranti Interaksi
-logFile
Logs/AssetImportWorker1.log
-srvPort
6481
Successfully changed project path to: D:/tugas/Piranti Interaksi
D:/tugas/Piranti Interaksi
[UnityMemory] Configuration Parameters - Can be set up in boot.config
    "memorysetup-bucket-allocator-granularity=16"
    "memorysetup-bucket-allocator-bucket-count=8"
    "memorysetup-bucket-allocator-block-size=33554432"
    "memorysetup-bucket-allocator-block-count=8"
    "memorysetup-main-allocator-block-size=16777216"
    "memorysetup-thread-allocator-block-size=16777216"
    "memorysetup-gfx-main-allocator-block-size=16777216"
    "memorysetup-gfx-thread-allocator-block-size=16777216"
    "memorysetup-cache-allocator-block-size=4194304"
    "memorysetup-typetree-allocator-block-size=2097152"
    "memorysetup-profiler-bucket-allocator-granularity=16"
    "memorysetup-profiler-bucket-allocator-bucket-count=8"
    "memorysetup-profiler-bucket-allocator-block-size=33554432"
    "memorysetup-profiler-bucket-allocator-block-count=8"
    "memorysetup-profiler-allocator-block-size=16777216"
    "memorysetup-profiler-editor-allocator-block-size=1048576"
    "memorysetup-temp-allocator-size-main=16777216"
    "memorysetup-job-temp-allocator-block-size=2097152"
    "memorysetup-job-temp-allocator-block-size-background=1048576"
    "memorysetup-job-temp-allocator-reduction-small-platforms=262144"
    "memorysetup-temp-allocator-size-background-worker=32768"
    "memorysetup-temp-allocator-size-job-worker=262144"
    "memorysetup-temp-allocator-size-preload-manager=33554432"
    "memorysetup-temp-allocator-size-nav-mesh-worker=65536"
    "memorysetup-temp-allocator-size-audio-worker=65536"
    "memorysetup-temp-allocator-size-cloud-worker=32768"
    "memorysetup-temp-allocator-size-gi-baking-worker=262144"
    "memorysetup-temp-allocator-size-gfx=262144"
Player connection [14556] Host "[IP] 192.168.43.13 [Port] 0 [Flags] 2 [Guid] 1384461062 [EditorId] 1384461062 [Version] 1048832 [Id] WindowsEditor(7,DESKTOP-4V73OO5) [Debug] 1 [PackageName] WindowsEditor [ProjectName] Editor" joined multi-casting on [225.0.0.222:54997]...

Player connection [14556] Host "[IP] 192.168.43.13 [Port] 0 [Flags] 2 [Guid] 1384461062 [EditorId] 1384461062 [Version] 1048832 [Id] WindowsEditor(7,DESKTOP-4V73OO5) [Debug] 1 [PackageName] WindowsEditor [ProjectName] Editor" joined alternative multi-casting on [225.0.0.222:34997]...

Refreshing native plugins compatible for Editor in 147.97 ms, found 4 plugins.
Preloading 0 native plugins for Editor in 0.00 ms.
Initialize engine version: 2021.3.19f1 (c9714fde33b6)
[Subsystems] Discovering subsystems at path D:/2021.3.19f1/Editor/Data/Resources/UnitySubsystems
[Subsystems] Discovering subsystems at path D:/tugas/Piranti Interaksi/Assets
GfxDevice: creating device client; threaded=0; jobified=0
Direct3D:
    Version:  Direct3D 11.0 [level 11.0]
    Renderer: NVIDIA GeForce GTX 660M (ID=0xfd4)
    Vendor:   NVIDIA
    VRAM:     2007 MB
    Driver:   25.21.14.1967
Initialize mono
Mono path[0] = 'D:/2021.3.19f1/Editor/Data/Managed'
Mono path[1] = 'D:/2021.3.19f1/Editor/Data/MonoBleedingEdge/lib/mono/unityjit-win32'
Mono config path = 'D:/2021.3.19f1/Editor/Data/MonoBleedingEdge/etc'
Using monoOptions --debugger-agent=transport=dt_socket,embedding=1,server=y,suspend=n,address=127.0.0.1:56552
Begin MonoManager ReloadAssembly
Registering precompiled unity dll's ...
Register platform support module: D:/2021.3.19f1/Editor/Data/PlaybackEngines/WindowsStandaloneSupport/UnityEditor.WindowsStandalone.Extensions.dll
Registered in 0.002720 seconds.
Native extension for WindowsStandalone target not found
Refreshing native plugins compatible for Editor in 160.92 ms, found 4 plugins.
Preloading 0 native plugins for Editor in 0.00 ms.
Mono: successfully reloaded assembly
- Completed reload, in  1.022 seconds
Domain Reload Profiling:
	ReloadAssembly (1023ms)
		BeginReloadAssembly (107ms)
			ExecutionOrderSort (0ms)
			DisableScriptedObjects (0ms)
			BackupInstance (0ms)
			ReleaseScriptingObjects (0ms)
			CreateAndSetChildDomain (1ms)
		EndReloadAssembly (756ms)
			LoadAssemblies (106ms)
			RebuildTransferFunctionScriptingTraits (0ms)
			SetupTypeCache (156ms)
			ReleaseScriptCaches (0ms)
			RebuildScriptCaches (64ms)
			SetupLoadedEditorAssemblies (463ms)
				LogAssemblyErrors (0ms)
				InitializePlatformSupportModulesInManaged (14ms)
				SetLoadedEditorAssemblies (1ms)
				RefreshPlugins (161ms)
				BeforeProcessingInitializeOnLoad (2ms)
				ProcessInitializeOnLoadAttributes (200ms)
				ProcessInitializeOnLoadMethodAttributes (85ms)
				AfterProcessingInitializeOnLoad (0ms)
				EditorAssembliesLoaded (0ms)
			ExecutionOrderSort2 (0ms)
			AwakeInstancesAfterBackupRestoration (0ms)
Platform modules already initialized, skipping
Registering precompiled user dll's ...
Registered in 0.007199 seconds.
Begin MonoManager ReloadAssembly
Symbol file LoadedFromMemory doesn't match image D:\tugas\Piranti Interaksi\Library\PackageCache\com.unity.visualscripting@1.8.0\Editor\VisualScripting.Core\Dependencies\YamlDotNet\Unity.VisualScripting.YamlDotNet.dll
Symbol file LoadedFromMemory doesn't match image D:\tugas\Piranti Interaksi\Library\PackageCache\com.unity.visualscripting@1.8.0\Editor\VisualScripting.Core\Dependencies\DotNetZip\Unity.VisualScripting.IonicZip.dll
Native extension for WindowsStandalone target not found
Refreshing native plugins compatible for Editor in 134.23 ms, found 4 plugins.
Preloading 0 native plugins for Editor in 0.00 ms.
Mono: successfully reloaded assembly
- Completed reload, in  1.704 seconds
Domain Reload Profiling:
	ReloadAssembly (1705ms)
		BeginReloadAssembly (167ms)
			ExecutionOrderSort (0ms)
			DisableScriptedObjects (11ms)
			BackupInstance (0ms)
			ReleaseScriptingObjects (0ms)
			CreateAndSetChildDomain (27ms)
		EndReloadAssembly (1368ms)
			LoadAssemblies (116ms)
			RebuildTransferFunctionScriptingTraits (0ms)
			SetupTypeCache (406ms)
			ReleaseScriptCaches (1ms)
			RebuildScriptCaches (91ms)
			SetupLoadedEditorAssemblies (673ms)
				LogAssemblyErrors (0ms)
				InitializePlatformSupportModulesInManaged (5ms)
				SetLoadedEditorAssemblies (0ms)
				RefreshPlugins (134ms)
				BeforeProcessingInitializeOnLoad (131ms)
				ProcessInitializeOnLoadAttributes (339ms)
				ProcessInitializeOnLoadMethodAttributes (60ms)
				AfterProcessingInitializeOnLoad (4ms)
				EditorAssembliesLoaded (0ms)
			ExecutionOrderSort2 (0ms)
			AwakeInstancesAfterBackupRestoration (12ms)
Platform modules already initialized, skipping
========================================================================
Worker process is ready to serve import requests
Launched and connected shader compiler UnityShaderCompiler.exe after 0.05 seconds
Refreshing native plugins compatible for Editor in 0.84 ms, found 4 plugins.
Preloading 0 native plugins for Editor in 0.00 ms.
Unloading 3734 Unused Serialized files (Serialized files now loaded: 0)
Unloading 41 unused Assets / (229.4 KB). Loaded Objects now: 4187.
Memory consumption went from 142.5 MB to 142.3 MB.
Total: 5.442500 ms (FindLiveObjects: 0.366900 ms CreateObjectMapping: 0.182900 ms MarkObjects: 4.668000 ms  DeleteObjects: 0.223000 ms)

AssetImportParameters requested are different than current active one (requested -> active):
  custom:video-decoder-ogg-theora: a1e56fd34408186e4bbccfd4996cb3dc -> 
  custom:container-muxer-webm: aa71ff27fc2769a1b78a27578f13a17b -> 
  custom:container-demuxer-webm: 4f35f7cbe854078d1ac9338744f61a02 -> 
  custom:video-encoder-webm-vp8: eb34c28f22e8b96e1ab97ce403110664 -> 
  custom:audio-encoder-webm-vorbis: bf7c407c2cedff20999df2af8eb42d56 -> 
  custom:framework-win-MediaFoundation: 216162199b28c13a410421893ffa2e32 -> 
  custom:container-demuxer-ogg: 62fdf1f143b41e24485cea50d1cbac27 -> 
  custom:video-decoder-webm-vp8: 9c59270c3fd7afecdb556c50c9e8de78 -> 
  custom:audio-decoder-ogg-vorbis: bf7c407c2cedff20999df2af8eb42d56 -> 
========================================================================
Received Import Request.
  Time since last request: 1926.214218 seconds.
  path: Assets/Karakter/Attack_2.png
  artifactKey: Guid(db8a3bd6f2af2bc48bcb269dd405fb5c) Importer(815301076,1909f56bfc062723c751e8b465ee728b)
Start importing Assets/Karakter/Attack_2.png using Guid(db8a3bd6f2af2bc48bcb269dd405fb5c) Importer(815301076,1909f56bfc062723c751e8b465ee728b)  -> (artifact id: '97438ead2c1dc7d7a553562a1a3976e7') in 0.204600 seconds 
========================================================================
Received Import Request.
  Time since last request: 0.000058 seconds.
  path: Assets/Karakter/Idle.png
  artifactKey: Guid(fd14919443c0d98409374fa1a1032870) Importer(815301076,1909f56bfc062723c751e8b465ee728b)
Start importing Assets/Karakter/Idle.png using Guid(fd14919443c0d98409374fa1a1032870) Importer(815301076,1909f56bfc062723c751e8b465ee728b)  -> (artifact id: '745321b8cdcc39417a4cfbb14caf9da0') in 0.032851 seconds 
========================================================================
Received Import Request.
  Time since last request: 0.000064 seconds.
  path: Assets/Karakter/Hurt.png
  artifactKey: Guid(b1882fbe0aa825e40935b73e7ef602fe) Importer(815301076,1909f56bfc062723c751e8b465ee728b)
Start importing Assets/Karakter/Hurt.png using Guid(b1882fbe0aa825e40935b73e7ef602fe) Importer(815301076,1909f56bfc062723c751e8b465ee728b)  -> (artifact id: 'aa0ace55f840569117cac855c00553d0') in 0.025501 seconds 
========================================================================
Received Import Request.
  Time since last request: 0.000036 seconds.
  path: Assets/Karakter/Jump.png
  artifactKey: Guid(fe4559e6504f8c94d9deab2691dcf6f4) Importer(815301076,1909f56bfc062723c751e8b465ee728b)
Start importing Assets/Karakter/Jump.png using Guid(fe4559e6504f8c94d9deab2691dcf6f4) Importer(815301076,1909f56bfc062723c751e8b465ee728b)  -> (artifact id: 'c846d27f2690881d6f96f97db921a656') in 0.033242 seconds 
========================================================================
Received Import Request.
  Time since last request: 0.000032 seconds.
  path: Assets/Karakter/Dead.png
  artifactKey: Guid(5e4eb0b165eb4ef4f8806ae272a6f986) Importer(815301076,1909f56bfc062723c751e8b465ee728b)
Start importing Assets/Karakter/Dead.png using Guid(5e4eb0b165eb4ef4f8806ae272a6f986) Importer(815301076,1909f56bfc062723c751e8b465ee728b)  -> (artifact id: 'b7aa0991565cd0494d4a1b88de0a9249') in 0.021459 seconds 
========================================================================
Received Import Request.
  Time since last request: 332.908634 seconds.
  path: Assets/Tile/Tile_82.png
  artifactKey: Guid(97dbefaf34254dd4dbf489cfe2a7b287) Importer(815301076,1909f56bfc062723c751e8b465ee728b)
Start importing Assets/Tile/Tile_82.png using Guid(97dbefaf34254dd4dbf489cfe2a7b287) Importer(815301076,1909f56bfc062723c751e8b465ee728b)  -> (artifact id: '741d39c4b32b5a95ba860b3a33886115') in 0.113952 seconds 
========================================================================
Received Import Request.
  Time since last request: 0.000033 seconds.
  path: Assets/Tile/Tile_96.png
  artifactKey: Guid(efa2fd2452a1aef40901a680ef7a535e) Importer(815301076,1909f56bfc062723c751e8b465ee728b)
Start importing Assets/Tile/Tile_96.png using Guid(efa2fd2452a1aef40901a680ef7a535e) Importer(815301076,1909f56bfc062723c751e8b465ee728b)  -> (artifact id: '08dc4051ca2072d9238f77bdc1a6519d') in 0.026751 seconds 
========================================================================
Received Import Request.
  Time since last request: 0.000034 seconds.
  path: Assets/Tile/Tile_95.png
  artifactKey: Guid(3ef454fd5fc58304d963c2d101470058) Importer(815301076,1909f56bfc062723c751e8b465ee728b)
Start importing Assets/Tile/Tile_95.png using Guid(3ef454fd5fc58304d963c2d101470058) Importer(815301076,1909f56bfc062723c751e8b465ee728b)  -> (artifact id: '79cfa7f0e48235cb90d7d55577db84f5') in 0.023539 seconds 
========================================================================
Received Import Request.
  Time since last request: 0.000038 seconds.
  path: Assets/Tile/Tile_88.png
  artifactKey: Guid(47a7e939c4481f9438af0a84620ce33e) Importer(815301076,1909f56bfc062723c751e8b465ee728b)
Start importing Assets/Tile/Tile_88.png using Guid(47a7e939c4481f9438af0a84620ce33e) Importer(815301076,1909f56bfc062723c751e8b465ee728b)  -> (artifact id: 'a620aaa43b1f01706a6fdf230efea719') in 0.032921 seconds 
========================================================================
Received Import Request.
  Time since last request: 0.000050 seconds.
  path: Assets/Tile/Tile_87.png
  artifactKey: Guid(863455432c8aaf14381e2b0d6b7a07db) Importer(815301076,1909f56bfc062723c751e8b465ee728b)
Start importing Assets/Tile/Tile_87.png using Guid(863455432c8aaf14381e2b0d6b7a07db) Importer(815301076,1909f56bfc062723c751e8b465ee728b)  -> (artifact id: '9a163d3f4f814dca9c87a6d1a8f7c23c') in 0.093911 seconds 
========================================================================
Received Import Request.
  Time since last request: 0.000041 seconds.
  path: Assets/Tile/Tile_92.png
  artifactKey: Guid(5c4d714d5b12a01429263d2c31152207) Importer(815301076,1909f56bfc062723c751e8b465ee728b)
Start importing Assets/Tile/Tile_92.png using Guid(5c4d714d5b12a01429263d2c31152207) Importer(815301076,1909f56bfc062723c751e8b465ee728b)  -> (artifact id: '2797544d2972df2876a6ed0c2a2f4694') in 0.025772 seconds 
========================================================================
Received Import Request.
  Time since last request: 0.000034 seconds.
  path: Assets/Tile/Tile_93.png
  artifactKey: Guid(3733eb9d2a7744643952691e2fb657a6) Importer(815301076,1909f56bfc062723c751e8b465ee728b)
Start importing Assets/Tile/Tile_93.png using Guid(3733eb9d2a7744643952691e2fb657a6) Importer(815301076,1909f56bfc062723c751e8b465ee728b)  -> (artifact id: 'c60b04cd9e936a9c7f6e2acaaa6b6290') in 0.020362 seconds 
========================================================================
Received Import Request.
  Time since last request: 0.000034 seconds.
  path: Assets/Tile/Tile_90.png
  artifactKey: Guid(b2de7bf1bcbfb6b42a8fba65e9edeed3) Importer(815301076,1909f56bfc062723c751e8b465ee728b)
Start importing Assets/Tile/Tile_90.png using Guid(b2de7bf1bcbfb6b42a8fba65e9edeed3) Importer(815301076,1909f56bfc062723c751e8b465ee728b)  -> (artifact id: '10552795076b6d5528830c73b38951db') in 0.016879 seconds 
========================================================================
Received Import Request.
  Time since last request: 1.478926 seconds.
  path: Assets/Tile/Tile_74.png
  artifactKey: Guid(ee91842bbff59d6479173d80bb0c3fc0) Importer(815301076,1909f56bfc062723c751e8b465ee728b)
Start importing Assets/Tile/Tile_74.png using Guid(ee91842bbff59d6479173d80bb0c3fc0) Importer(815301076,1909f56bfc062723c751e8b465ee728b)  -> (artifact id: 'b86c106af71276efb929e5177cc4d022') in 0.041293 seconds 
========================================================================
Received Import Request.
  Time since last request: 0.000032 seconds.
  path: Assets/Tile/Tile_60.png
  artifactKey: Guid(d6b890631eb66454787bed50d1d7146f) Importer(815301076,1909f56bfc062723c751e8b465ee728b)
Start importing Assets/Tile/Tile_60.png using Guid(d6b890631eb66454787bed50d1d7146f) Importer(815301076,1909f56bfc062723c751e8b465ee728b)  -> (artifact id: '44d69ced5ec1fb474671df14ec44eec5') in 0.019602 seconds 
========================================================================
Received Import Request.
  Time since last request: 0.000027 seconds.
  path: Assets/Tile/Tile_50.png
  artifactKey: Guid(f81c240d8a8f905478f5cd0f445bf0c6) Importer(815301076,1909f56bfc062723c751e8b465ee728b)
Start importing Assets/Tile/Tile_50.png using Guid(f81c240d8a8f905478f5cd0f445bf0c6) Importer(815301076,1909f56bfc062723c751e8b465ee728b)  -> (artifact id: 'ac4509240fab138b7bbb6b92a53fd290') in 0.020756 seconds 
========================================================================
Received Import Request.
  Time since last request: 0.000030 seconds.
  path: Assets/Tile/Tile_63.png
  artifactKey: Guid(944847ebd9fa4ce4b877e0059e637507) Importer(815301076,1909f56bfc062723c751e8b465ee728b)
Start importing Assets/Tile/Tile_63.png using Guid(944847ebd9fa4ce4b877e0059e637507) Importer(815301076,1909f56bfc062723c751e8b465ee728b)  -> (artifact id: 'd25db1fdf14158209e6074006615c9d1') in 0.019668 seconds 
========================================================================
Received Import Request.
  Time since last request: 0.000031 seconds.
  path: Assets/Tile/Tile_47.png
  artifactKey: Guid(045431127de5c4043b0d154f7e1a8b20) Importer(815301076,1909f56bfc062723c751e8b465ee728b)
Start importing Assets/Tile/Tile_47.png using Guid(045431127de5c4043b0d154f7e1a8b20) Importer(815301076,1909f56bfc062723c751e8b465ee728b)  -> (artifact id: 'dfbe0c6e1aa945b60987052d5d307d23') in 0.022547 seconds 
========================================================================
Received Import Request.
  Time since last request: 0.000043 seconds.
  path: Assets/Tile/Tile_40.png
  artifactKey: Guid(43857c6b9a4082544973f9398d7a5946) Importer(815301076,1909f56bfc062723c751e8b465ee728b)
Start importing Assets/Tile/Tile_40.png using Guid(43857c6b9a4082544973f9398d7a5946) Importer(815301076,1909f56bfc062723c751e8b465ee728b)  -> (artifact id: '602a82ade6f1cc34d85460b9b74c79ac') in 0.020308 seconds 
========================================================================
Received Import Request.
  Time since last request: 0.000044 seconds.
  path: Assets/Tile/Tile_11.png
  artifactKey: Guid(a7cea6d029fb5be429a403bce2d74349) Importer(815301076,1909f56bfc062723c751e8b465ee728b)
Start importing Assets/Tile/Tile_11.png using Guid(a7cea6d029fb5be429a403bce2d74349) Importer(815301076,1909f56bfc062723c751e8b465ee728b)  -> (artifact id: '05bfbee1a10fb88abf851ec8fa487d9b') in 0.019784 seconds 
========================================================================
Received Import Request.
  Time since last request: 0.000044 seconds.
  path: Assets/Tile/Tile_61.png
  artifactKey: Guid(e9d7c0bcd1ca83d48a9b6251babc2919) Importer(815301076,1909f56bfc062723c751e8b465ee728b)
Start importing Assets/Tile/Tile_61.png using Guid(e9d7c0bcd1ca83d48a9b6251babc2919) Importer(815301076,1909f56bfc062723c751e8b465ee728b)  -> (artifact id: '9a93cbb1d014e19f892132594b909137') in 0.057900 seconds 
========================================================================
Received Import Request.
  Time since last request: 0.000112 seconds.
  path: Assets/Tile/Tile_02.png
  artifactKey: Guid(9370b497dbd6d034e8e6eefa57a91734) Importer(815301076,1909f56bfc062723c751e8b465ee728b)
Start importing Assets/Tile/Tile_02.png using Guid(9370b497dbd6d034e8e6eefa57a91734) Importer(815301076,1909f56bfc062723c751e8b465ee728b)  -> (artifact id: '3af14e534a352ca836568a5f7f970adc') in 0.019739 seconds 
========================================================================
Received Import Request.
  Time since last request: 0.000044 seconds.
  path: Assets/Tile/Tile_35.png
  artifactKey: Guid(7078c7eb9f89307428e264756bdd2edb) Importer(815301076,1909f56bfc062723c751e8b465ee728b)
Start importing Assets/Tile/Tile_35.png using Guid(7078c7eb9f89307428e264756bdd2edb) Importer(815301076,1909f56bfc062723c751e8b465ee728b)  -> (artifact id: '6474b83e1ecdf145adb5186ccf60dd51') in 0.051205 seconds 
========================================================================
Received Import Request.
  Time since last request: 0.000030 seconds.
  path: Assets/Tile/Tile_77.png
  artifactKey: Guid(cdeeb2ae222aa6b45b1d7f674792ea33) Importer(815301076,1909f56bfc062723c751e8b465ee728b)
Start importing Assets/Tile/Tile_77.png using Guid(cdeeb2ae222aa6b45b1d7f674792ea33) Importer(815301076,1909f56bfc062723c751e8b465ee728b)  -> (artifact id: '24d3df7178ccc6a89a1b6a543968ba2e') in 0.018489 seconds 
========================================================================
Received Import Request.
  Time since last request: 0.000037 seconds.
  path: Assets/Tile/Tile_14.png
  artifactKey: Guid(92b340cbddfffbe43b84465ce444f782) Importer(815301076,1909f56bfc062723c751e8b465ee728b)
Start importing Assets/Tile/Tile_14.png using Guid(92b340cbddfffbe43b84465ce444f782) Importer(815301076,1909f56bfc062723c751e8b465ee728b)  -> (artifact id: '398544da27d37fdeaafab28a935d9912') in 0.019976 seconds 
========================================================================
Received Import Request.
  Time since last request: 0.000050 seconds.
  path: Assets/Tile/Tile_42.png
  artifactKey: Guid(99b269eddc547974299d9150e3e7d102) Importer(815301076,1909f56bfc062723c751e8b465ee728b)
Start importing Assets/Tile/Tile_42.png using Guid(99b269eddc547974299d9150e3e7d102) Importer(815301076,1909f56bfc062723c751e8b465ee728b)  -> (artifact id: 'ec51bb854cd29af91e288012413750a7') in 0.022171 seconds 
========================================================================
Received Import Request.
  Time since last request: 0.000033 seconds.
  path: Assets/Tile/Tile_19.png
  artifactKey: Guid(328f72f1144d11544aead9d9ffae8d59) Importer(815301076,1909f56bfc062723c751e8b465ee728b)
Start importing Assets/Tile/Tile_19.png using Guid(328f72f1144d11544aead9d9ffae8d59) Importer(815301076,1909f56bfc062723c751e8b465ee728b)  -> (artifact id: 'db6fa320a600a1638b86172fcbcdc39a') in 0.027269 seconds 
========================================================================
Received Import Request.
  Time since last request: 0.000034 seconds.
  path: Assets/Tile/Tile_76.png
  artifactKey: Guid(39b0bc3f2f512f241a1434d7d2084f96) Importer(815301076,1909f56bfc062723c751e8b465ee728b)
Start importing Assets/Tile/Tile_76.png using Guid(39b0bc3f2f512f241a1434d7d2084f96) Importer(815301076,1909f56bfc062723c751e8b465ee728b)  -> (artifact id: '60ca32a681cb1e531a78364cb55d0811') in 0.024355 seconds 
========================================================================
Received Import Request.
  Time since last request: 0.000030 seconds.
  path: Assets/Tile/Tile_30.png
  artifactKey: Guid(153287776a4c67346a499699df52bc29) Importer(815301076,1909f56bfc062723c751e8b465ee728b)
Start importing Assets/Tile/Tile_30.png using Guid(153287776a4c67346a499699df52bc29) Importer(815301076,1909f56bfc062723c751e8b465ee728b)  -> (artifact id: '8ff2758d4ebd3c27ee09fb30711b039c') in 0.019856 seconds 
========================================================================
Received Import Request.
  Time since last request: 0.000029 seconds.
  path: Assets/Tile/Tile_15.png
  artifactKey: Guid(c2c64d83d0071e54ba7397e77272f7e2) Importer(815301076,1909f56bfc062723c751e8b465ee728b)
Start importing Assets/Tile/Tile_15.png using Guid(c2c64d83d0071e54ba7397e77272f7e2) Importer(815301076,1909f56bfc062723c751e8b465ee728b)  -> (artifact id: '178e44b97f31d385d573ecc26886ebdb') in 0.017486 seconds 
========================================================================
Received Import Request.
  Time since last request: 0.000031 seconds.
  path: Assets/Tile/Tile_05.png
  artifactKey: Guid(9485a045ea1fd7549a8dbe2c5d40fe6b) Importer(815301076,1909f56bfc062723c751e8b465ee728b)
Start importing Assets/Tile/Tile_05.png using Guid(9485a045ea1fd7549a8dbe2c5d40fe6b) Importer(815301076,1909f56bfc062723c751e8b465ee728b)  -> (artifact id: 'de5b61bef00089781eb71412531970d1') in 0.026079 seconds 
========================================================================
Received Import Request.
  Time since last request: 0.000038 seconds.
  path: Assets/Tile/Tile_68.png
  artifactKey: Guid(3af4d6020a8cdc343b7e016f0d1cffb6) Importer(815301076,1909f56bfc062723c751e8b465ee728b)
Start importing Assets/Tile/Tile_68.png using Guid(3af4d6020a8cdc343b7e016f0d1cffb6) Importer(815301076,1909f56bfc062723c751e8b465ee728b)  -> (artifact id: '1cdf19b2bc130166fa4203b7f0e68c78') in 0.020867 seconds 
========================================================================
Received Import Request.
  Time since last request: 0.000041 seconds.
  path: Assets/Tile/Tile_69.png
  artifactKey: Guid(7455957e731059e418bf79f49ed9a359) Importer(815301076,1909f56bfc062723c751e8b465ee728b)
Start importing Assets/Tile/Tile_69.png using Guid(7455957e731059e418bf79f49ed9a359) Importer(815301076,1909f56bfc062723c751e8b465ee728b)  -> (artifact id: 'f62ec43b53f503bf646140b2982f58ea') in 0.019039 seconds 
========================================================================
Received Import Request.
  Time since last request: 0.000044 seconds.
  path: Assets/Tile/Tile_53.png
  artifactKey: Guid(bf9cb667ce098cf49b3403cfe6804d48) Importer(815301076,1909f56bfc062723c751e8b465ee728b)
Start importing Assets/Tile/Tile_53.png using Guid(bf9cb667ce098cf49b3403cfe6804d48) Importer(815301076,1909f56bfc062723c751e8b465ee728b)  -> (artifact id: '787914e524f677d14fdf180c3132995e') in 0.020658 seconds 
========================================================================
Received Import Request.
  Time since last request: 0.000028 seconds.
  path: Assets/Tile/Tile_32.png
  artifactKey: Guid(6b4859739b1e67d4880f63e7f4da3d56) Importer(815301076,1909f56bfc062723c751e8b465ee728b)
Start importing Assets/Tile/Tile_32.png using Guid(6b4859739b1e67d4880f63e7f4da3d56) Importer(815301076,1909f56bfc062723c751e8b465ee728b)  -> (artifact id: 'c0241be450476523ba7686e93956349e') in 0.032490 seconds 
========================================================================
Received Import Request.
  Time since last request: 0.000024 seconds.
  path: Assets/Tile/Tile_12.png
  artifactKey: Guid(97a836334481fcb4aa18f1d4e1d50c8a) Importer(815301076,1909f56bfc062723c751e8b465ee728b)
Start importing Assets/Tile/Tile_12.png using Guid(97a836334481fcb4aa18f1d4e1d50c8a) Importer(815301076,1909f56bfc062723c751e8b465ee728b)  -> (artifact id: '6ee88ca39da24af5894115c02c4823b8') in 0.022845 seconds 
========================================================================
Received Import Request.
  Time since last request: 0.000042 seconds.
  path: Assets/Tile/Tile_04.png
  artifactKey: Guid(d8f34edaba6789d4898056201f52e6bf) Importer(815301076,1909f56bfc062723c751e8b465ee728b)
Start importing Assets/Tile/Tile_04.png using Guid(d8f34edaba6789d4898056201f52e6bf) Importer(815301076,1909f56bfc062723c751e8b465ee728b)  -> (artifact id: 'd0c777677f670c84f0f3ec546a66226a') in 0.023252 seconds 
========================================================================
Received Import Request.
  Time since last request: 0.000030 seconds.
  path: Assets/Tile/Tile_06.png
  artifactKey: Guid(44c98a88a98ffc842babafb28fc19e31) Importer(815301076,1909f56bfc062723c751e8b465ee728b)
Start importing Assets/Tile/Tile_06.png using Guid(44c98a88a98ffc842babafb28fc19e31) Importer(815301076,1909f56bfc062723c751e8b465ee728b)  -> (artifact id: '9d18895fc26f3b1cbc25a0ed6fc6dc1e') in 0.022901 seconds 
========================================================================
Received Import Request.
  Time since last request: 0.000029 seconds.
  path: Assets/Tile/Tile_09.png
  artifactKey: Guid(65a47bdeac80d46459d4e884b3e3f80b) Importer(815301076,1909f56bfc062723c751e8b465ee728b)
Start importing Assets/Tile/Tile_09.png using Guid(65a47bdeac80d46459d4e884b3e3f80b) Importer(815301076,1909f56bfc062723c751e8b465ee728b)  -> (artifact id: '9edaac2bde42b60e9fb2684cad994a55') in 0.019947 seconds 
========================================================================
Received Import Request.
  Time since last request: 0.000035 seconds.
  path: Assets/Tile/Tile_48.png
  artifactKey: Guid(b3f8bd8289e2fbe40a7a5f0b8bab1440) Importer(815301076,1909f56bfc062723c751e8b465ee728b)
Start importing Assets/Tile/Tile_48.png using Guid(b3f8bd8289e2fbe40a7a5f0b8bab1440) Importer(815301076,1909f56bfc062723c751e8b465ee728b)  -> (artifact id: '59c0d8ab936d090b21dd3bc69e976331') in 0.019536 seconds 
========================================================================
Received Import Request.
  Time since last request: 0.000034 seconds.
  path: Assets/Tile/Tile_66.png
  artifactKey: Guid(78ef8759dcecf05438b1d4f4104e16af) Importer(815301076,1909f56bfc062723c751e8b465ee728b)
Start importing Assets/Tile/Tile_66.png using Guid(78ef8759dcecf05438b1d4f4104e16af) Importer(815301076,1909f56bfc062723c751e8b465ee728b)  -> (artifact id: 'c34fb1643ffb030169e747e8060a68ed') in 0.020767 seconds 
========================================================================
Received Import Request.
  Time since last request: 0.000038 seconds.
  path: Assets/Tile/Tile_71.png
  artifactKey: Guid(3cae2524f09f2ec42adfca7ea64f416e) Importer(815301076,1909f56bfc062723c751e8b465ee728b)
Start importing Assets/Tile/Tile_71.png using Guid(3cae2524f09f2ec42adfca7ea64f416e) Importer(815301076,1909f56bfc062723c751e8b465ee728b)  -> (artifact id: 'f21ff67e9d397c2b0d3f2141cdad5d87') in 0.019465 seconds 
========================================================================
Received Import Request.
  Time since last request: 0.000031 seconds.
  path: Assets/Tile/Tile_62.png
  artifactKey: Guid(5e24d9c050e89be469f2c0f173dfd901) Importer(815301076,1909f56bfc062723c751e8b465ee728b)
Start importing Assets/Tile/Tile_62.png using Guid(5e24d9c050e89be469f2c0f173dfd901) Importer(815301076,1909f56bfc062723c751e8b465ee728b)  -> (artifact id: '28950e4c43fc8b3fd9e8bcd87c455ea5') in 0.017984 seconds 
========================================================================
Received Import Request.
  Time since last request: 0.000032 seconds.
  path: Assets/Tile/Tile_28.png
  artifactKey: Guid(57d67c949f0ad5044b2be5c7f74c77b7) Importer(815301076,1909f56bfc062723c751e8b465ee728b)
Start importing Assets/Tile/Tile_28.png using Guid(57d67c949f0ad5044b2be5c7f74c77b7) Importer(815301076,1909f56bfc062723c751e8b465ee728b)  -> (artifact id: '9d1afa2c72803700059eadea2a49c6d6') in 0.023046 seconds 
========================================================================
Received Import Request.
  Time since last request: 0.000038 seconds.
  path: Assets/Tile/Tile_20.png
  artifactKey: Guid(c6474ecd2a6389542b7c2318885b22b5) Importer(815301076,1909f56bfc062723c751e8b465ee728b)
Start importing Assets/Tile/Tile_20.png using Guid(c6474ecd2a6389542b7c2318885b22b5) Importer(815301076,1909f56bfc062723c751e8b465ee728b)  -> (artifact id: 'd63cf568891c9618158a5f06776406e8') in 0.017031 seconds 
========================================================================
Received Import Request.
  Time since last request: 0.000025 seconds.
  path: Assets/Tile/Tile_43.png
  artifactKey: Guid(883c9ad939bd4724296fb8a5e912ab2e) Importer(815301076,1909f56bfc062723c751e8b465ee728b)
Start importing Assets/Tile/Tile_43.png using Guid(883c9ad939bd4724296fb8a5e912ab2e) Importer(815301076,1909f56bfc062723c751e8b465ee728b)  -> (artifact id: 'd6445cc9880f56136fa72a2c7f6d7942') in 0.023988 seconds 
========================================================================
Received Import Request.
  Time since last request: 0.000044 seconds.
  path: Assets/Tile/Tile_72.png
  artifactKey: Guid(e007db9b91b1fe14b84e7b39a7785e2b) Importer(815301076,1909f56bfc062723c751e8b465ee728b)
Start importing Assets/Tile/Tile_72.png using Guid(e007db9b91b1fe14b84e7b39a7785e2b) Importer(815301076,1909f56bfc062723c751e8b465ee728b)  -> (artifact id: '4f047eb7a851a63a77c6a13b14615d33') in 0.022184 seconds 
========================================================================
Received Import Request.
  Time since last request: 0.000031 seconds.
  path: Assets/Tile/Tile_46.png
  artifactKey: Guid(2964288ff0c757840b1860ff248260df) Importer(815301076,1909f56bfc062723c751e8b465ee728b)
Start importing Assets/Tile/Tile_46.png using Guid(2964288ff0c757840b1860ff248260df) Importer(815301076,1909f56bfc062723c751e8b465ee728b)  -> (artifact id: '5d9cf8521b50517f256290f785510e90') in 0.058268 seconds 
========================================================================
Received Import Request.
  Time since last request: 0.000041 seconds.
  path: Assets/Tile/Tile_79.png
  artifactKey: Guid(82b927808f99c694ba2b070a8f3d74ed) Importer(815301076,1909f56bfc062723c751e8b465ee728b)
Start importing Assets/Tile/Tile_79.png using Guid(82b927808f99c694ba2b070a8f3d74ed) Importer(815301076,1909f56bfc062723c751e8b465ee728b)  -> (artifact id: '7c113fcb2327a69ee1b62f1f5e4ec6d4') in 0.026102 seconds 
========================================================================
Received Import Request.
  Time since last request: 0.000042 seconds.
  path: Assets/Tile/Tile_70.png
  artifactKey: Guid(d7e77c109593b834cb0bbd0d3d6ef705) Importer(815301076,1909f56bfc062723c751e8b465ee728b)
Start importing Assets/Tile/Tile_70.png using Guid(d7e77c109593b834cb0bbd0d3d6ef705) Importer(815301076,1909f56bfc062723c751e8b465ee728b)  -> (artifact id: 'eb606fb6a81285690a7d04f1fc1e8376') in 0.023373 seconds 
========================================================================
Received Import Request.
  Time since last request: 0.000026 seconds.
  path: Assets/Tile/Tile_13.png
  artifactKey: Guid(c79a1f4a7dbb78744858865d7abddb62) Importer(815301076,1909f56bfc062723c751e8b465ee728b)
Start importing Assets/Tile/Tile_13.png using Guid(c79a1f4a7dbb78744858865d7abddb62) Importer(815301076,1909f56bfc062723c751e8b465ee728b)  -> (artifact id: '854b21b6ba7ff3280d51327ad1d142b3') in 0.019754 seconds 
========================================================================
Received Import Request.
  Time since last request: 0.000036 seconds.
  path: Assets/Tile/Tile_56.png
  artifactKey: Guid(4ab948780691cd44f94c6f91d9609276) Importer(815301076,1909f56bfc062723c751e8b465ee728b)
Start importing Assets/Tile/Tile_56.png using Guid(4ab948780691cd44f94c6f91d9609276) Importer(815301076,1909f56bfc062723c751e8b465ee728b)  -> (artifact id: '04d90ad2217a6827ae4375afa3a96992') in 0.019207 seconds 
========================================================================
Received Prepare
Registering precompiled user dll's ...
Registered in 0.007034 seconds.
Begin MonoManager ReloadAssembly
Symbol file LoadedFromMemory doesn't match image D:\tugas\Piranti Interaksi\Library\PackageCache\com.unity.visualscripting@1.8.0\Editor\VisualScripting.Core\Dependencies\YamlDotNet\Unity.VisualScripting.YamlDotNet.dll
Symbol file LoadedFromMemory doesn't match image D:\tugas\Piranti Interaksi\Library\PackageCache\com.unity.visualscripting@1.8.0\Editor\VisualScripting.Core\Dependencies\DotNetZip\Unity.VisualScripting.IonicZip.dll
Native extension for WindowsStandalone target not found
Refreshing native plugins compatible for Editor in 1.48 ms, found 4 plugins.
Preloading 0 native plugins for Editor in 0.00 ms.
Mono: successfully reloaded assembly
- Completed reload, in  1.690 seconds
Domain Reload Profiling:
	ReloadAssembly (1691ms)
		BeginReloadAssembly (191ms)
			ExecutionOrderSort (0ms)
			DisableScriptedObjects (11ms)
			BackupInstance (0ms)
			ReleaseScriptingObjects (0ms)
			CreateAndSetChildDomain (51ms)
		EndReloadAssembly (1345ms)
			LoadAssemblies (125ms)
			RebuildTransferFunctionScriptingTraits (0ms)
			SetupTypeCache (432ms)
			ReleaseScriptCaches (2ms)
			RebuildScriptCaches (92ms)
			SetupLoadedEditorAssemblies (601ms)
				LogAssemblyErrors (0ms)
				InitializePlatformSupportModulesInManaged (26ms)
				SetLoadedEditorAssemblies (2ms)
				RefreshPlugins (2ms)
				BeforeProcessingInitializeOnLoad (133ms)
				ProcessInitializeOnLoadAttributes (370ms)
				ProcessInitializeOnLoadMethodAttributes (63ms)
				AfterProcessingInitializeOnLoad (5ms)
				EditorAssembliesLoaded (0ms)
			ExecutionOrderSort2 (0ms)
			AwakeInstancesAfterBackupRestoration (18ms)
Platform modules already initialized, skipping
Refreshing native plugins compatible for Editor in 3.43 ms, found 4 plugins.
Preloading 0 native plugins for Editor in 0.00 ms.
Unloading 3729 Unused Serialized files (Serialized files now loaded: 0)
Unloading 28 unused Assets / (195.7 KB). Loaded Objects now: 4205.
Memory consumption went from 146.5 MB to 146.3 MB.
Total: 4.930000 ms (FindLiveObjects: 0.359800 ms CreateObjectMapping: 0.181200 ms MarkObjects: 4.169000 ms  DeleteObjects: 0.218200 ms)

AssetImportParameters requested are different than current active one (requested -> active):
  custom:video-decoder-ogg-theora: a1e56fd34408186e4bbccfd4996cb3dc -> 
  custom:container-muxer-webm: aa71ff27fc2769a1b78a27578f13a17b -> 
  custom:container-demuxer-webm: 4f35f7cbe854078d1ac9338744f61a02 -> 
  custom:video-encoder-webm-vp8: eb34c28f22e8b96e1ab97ce403110664 -> 
  custom:audio-encoder-webm-vorbis: bf7c407c2cedff20999df2af8eb42d56 -> 
  custom:framework-win-MediaFoundation: 216162199b28c13a410421893ffa2e32 -> 
  custom:container-demuxer-ogg: 62fdf1f143b41e24485cea50d1cbac27 -> 
  custom:video-decoder-webm-vp8: 9c59270c3fd7afecdb556c50c9e8de78 -> 
  custom:audio-decoder-ogg-vorbis: bf7c407c2cedff20999df2af8eb42d56 -> 
========================================================================
Received Prepare
Registering precompiled user dll's ...
Registered in 0.006611 seconds.
Begin MonoManager ReloadAssembly
Symbol file LoadedFromMemory doesn't match image D:\tugas\Piranti Interaksi\Library\PackageCache\com.unity.visualscripting@1.8.0\Editor\VisualScripting.Core\Dependencies\YamlDotNet\Unity.VisualScripting.YamlDotNet.dll
Symbol file LoadedFromMemory doesn't match image D:\tugas\Piranti Interaksi\Library\PackageCache\com.unity.visualscripting@1.8.0\Editor\VisualScripting.Core\Dependencies\DotNetZip\Unity.VisualScripting.IonicZip.dll
Native extension for WindowsStandalone target not found
Refreshing native plugins compatible for Editor in 1.03 ms, found 4 plugins.
Preloading 0 native plugins for Editor in 0.00 ms.
Mono: successfully reloaded assembly
- Completed reload, in  1.392 seconds
Domain Reload Profiling:
	ReloadAssembly (1393ms)
		BeginReloadAssembly (209ms)
			ExecutionOrderSort (0ms)
			DisableScriptedObjects (13ms)
			BackupInstance (0ms)
			ReleaseScriptingObjects (0ms)
			CreateAndSetChildDomain (53ms)
		EndReloadAssembly (1045ms)
			LoadAssemblies (122ms)
			RebuildTransferFunctionScriptingTraits (0ms)
			SetupTypeCache (337ms)
			ReleaseScriptCaches (2ms)
			RebuildScriptCaches (69ms)
			SetupLoadedEditorAssemblies (447ms)
				LogAssemblyErrors (0ms)
				InitializePlatformSupportModulesInManaged (17ms)
				SetLoadedEditorAssemblies (1ms)
				RefreshPlugins (1ms)
				BeforeProcessingInitializeOnLoad (92ms)
				ProcessInitializeOnLoadAttributes (283ms)
				ProcessInitializeOnLoadMethodAttributes (50ms)
				AfterProcessingInitializeOnLoad (4ms)
				EditorAssembliesLoaded (0ms)
			ExecutionOrderSort2 (0ms)
			AwakeInstancesAfterBackupRestoration (19ms)
Platform modules already initialized, skipping
Refreshing native plugins compatible for Editor in 2.59 ms, found 4 plugins.
Preloading 0 native plugins for Editor in 0.00 ms.
Unloading 3730 Unused Serialized files (Serialized files now loaded: 0)
Unloading 28 unused Assets / (195.8 KB). Loaded Objects now: 4209.
Memory consumption went from 146.5 MB to 146.3 MB.
Total: 4.476900 ms (FindLiveObjects: 0.340700 ms CreateObjectMapping: 0.158200 ms MarkObjects: 3.768400 ms  DeleteObjects: 0.208000 ms)

AssetImportParameters requested are different than current active one (requested -> active):
  custom:video-decoder-ogg-theora: a1e56fd34408186e4bbccfd4996cb3dc -> 
  custom:container-muxer-webm: aa71ff27fc2769a1b78a27578f13a17b -> 
  custom:container-demuxer-webm: 4f35f7cbe854078d1ac9338744f61a02 -> 
  custom:video-encoder-webm-vp8: eb34c28f22e8b96e1ab97ce403110664 -> 
  custom:audio-encoder-webm-vorbis: bf7c407c2cedff20999df2af8eb42d56 -> 
  custom:framework-win-MediaFoundation: 216162199b28c13a410421893ffa2e32 -> 
  custom:container-demuxer-ogg: 62fdf1f143b41e24485cea50d1cbac27 -> 
  custom:video-decoder-webm-vp8: 9c59270c3fd7afecdb556c50c9e8de78 -> 
  custom:audio-decoder-ogg-vorbis: bf7c407c2cedff20999df2af8eb42d56 -> 
========================================================================
Received Import Request.
  Time since last request: 2346.507727 seconds.
  path: Assets/Tile/Tile_01.prefab
  artifactKey: Guid(fc034a04f063e21419e88dbc6ac200a7) Importer(815301076,1909f56bfc062723c751e8b465ee728b)
Start importing Assets/Tile/Tile_01.prefab using Guid(fc034a04f063e21419e88dbc6ac200a7) Importer(815301076,1909f56bfc062723c751e8b465ee728b)  -> (artifact id: '203a54b600db937acc1fbace9e13156f') in 0.296322 seconds 
========================================================================
Received Import Request.
  Time since last request: 0.000065 seconds.
  path: Assets/Tile/Tile_02.prefab
  artifactKey: Guid(356a53e5264736c47b1daf321cd3c418) Importer(815301076,1909f56bfc062723c751e8b465ee728b)
Start importing Assets/Tile/Tile_02.prefab using Guid(356a53e5264736c47b1daf321cd3c418) Importer(815301076,1909f56bfc062723c751e8b465ee728b)  -> (artifact id: '0d6616ed796dfb58b04f867e50e39bc9') in 0.021369 seconds 
========================================================================
Received Import Request.
  Time since last request: 1081.561019 seconds.
  path: Assets/Collider/2.png
  artifactKey: Guid(3d5f484b2938b2441b27e22357b65aa6) Importer(815301076,1909f56bfc062723c751e8b465ee728b)
Start importing Assets/Collider/2.png using Guid(3d5f484b2938b2441b27e22357b65aa6) Importer(815301076,1909f56bfc062723c751e8b465ee728b)  -> (artifact id: '1521f8ef1e347eff4ae5a25c997b5943') in 0.129124 seconds 
========================================================================
Received Import Request.
  Time since last request: 0.000041 seconds.
  path: Assets/Collider/6.png
  artifactKey: Guid(ba2ef1c28af1b644582174f601900d4c) Importer(815301076,1909f56bfc062723c751e8b465ee728b)
Start importing Assets/Collider/6.png using Guid(ba2ef1c28af1b644582174f601900d4c) Importer(815301076,1909f56bfc062723c751e8b465ee728b)  -> (artifact id: '1e6cd7ec1a694e6c4c6d6037942762ab') in 0.029795 seconds 
