Using pre-set license
Built from '2021.3/staging' branch; Version is '2021.3.19f1 (c9714fde33b6) revision 13201743'; Using compiler version '192829333'; Build Type 'Release'
OS: 'Windows 10  (10.0.17763) 64bit EnterpriseS' Language: 'en' Physical Memory: 16337 MB
BatchMode: 1, IsHumanControllingUs: 0, StartBugReporterOnCrash: 0, Is64bit: 1, IsPro: 1

COMMAND LINE ARGUMENTS:
D:\2021.3.19f1\Editor\Unity.exe
-adb2
-batchMode
-noUpm
-name
AssetImportWorker0
-projectPath
D:/tugas/Piranti Interaksi
-logFile
Logs/AssetImportWorker0.log
-srvPort
6481
Successfully changed project path to: D:/tugas/Piranti Interaksi
D:/tugas/Piranti Interaksi
[UnityMemory] Configuration Parameters - Can be set up in boot.config
    "memorysetup-bucket-allocator-granularity=16"
    "memorysetup-bucket-allocator-bucket-count=8"
    "memorysetup-bucket-allocator-block-size=33554432"
    "memorysetup-bucket-allocator-block-count=8"
    "memorysetup-main-allocator-block-size=16777216"
    "memorysetup-thread-allocator-block-size=16777216"
    "memorysetup-gfx-main-allocator-block-size=16777216"
    "memorysetup-gfx-thread-allocator-block-size=16777216"
    "memorysetup-cache-allocator-block-size=4194304"
    "memorysetup-typetree-allocator-block-size=2097152"
    "memorysetup-profiler-bucket-allocator-granularity=16"
    "memorysetup-profiler-bucket-allocator-bucket-count=8"
    "memorysetup-profiler-bucket-allocator-block-size=33554432"
    "memorysetup-profiler-bucket-allocator-block-count=8"
    "memorysetup-profiler-allocator-block-size=16777216"
    "memorysetup-profiler-editor-allocator-block-size=1048576"
    "memorysetup-temp-allocator-size-main=16777216"
    "memorysetup-job-temp-allocator-block-size=2097152"
    "memorysetup-job-temp-allocator-block-size-background=1048576"
    "memorysetup-job-temp-allocator-reduction-small-platforms=262144"
    "memorysetup-temp-allocator-size-background-worker=32768"
    "memorysetup-temp-allocator-size-job-worker=262144"
    "memorysetup-temp-allocator-size-preload-manager=33554432"
    "memorysetup-temp-allocator-size-nav-mesh-worker=65536"
    "memorysetup-temp-allocator-size-audio-worker=65536"
    "memorysetup-temp-allocator-size-cloud-worker=32768"
    "memorysetup-temp-allocator-size-gi-baking-worker=262144"
    "memorysetup-temp-allocator-size-gfx=262144"
Player connection [14416] Host "[IP] 192.168.43.13 [Port] 0 [Flags] 2 [Guid] 2257800299 [EditorId] 2257800299 [Version] 1048832 [Id] WindowsEditor(7,DESKTOP-4V73OO5) [Debug] 1 [PackageName] WindowsEditor [ProjectName] Editor" joined multi-casting on [225.0.0.222:54997]...

Player connection [14416] Host "[IP] 192.168.43.13 [Port] 0 [Flags] 2 [Guid] 2257800299 [EditorId] 2257800299 [Version] 1048832 [Id] WindowsEditor(7,DESKTOP-4V73OO5) [Debug] 1 [PackageName] WindowsEditor [ProjectName] Editor" joined alternative multi-casting on [225.0.0.222:34997]...

Refreshing native plugins compatible for Editor in 128.96 ms, found 4 plugins.
Preloading 0 native plugins for Editor in 0.00 ms.
Initialize engine version: 2021.3.19f1 (c9714fde33b6)
[Subsystems] Discovering subsystems at path D:/2021.3.19f1/Editor/Data/Resources/UnitySubsystems
[Subsystems] Discovering subsystems at path D:/tugas/Piranti Interaksi/Assets
GfxDevice: creating device client; threaded=0; jobified=0
Direct3D:
    Version:  Direct3D 11.0 [level 11.0]
    Renderer: NVIDIA GeForce GTX 660M (ID=0xfd4)
    Vendor:   NVIDIA
    VRAM:     2007 MB
    Driver:   25.21.14.1967
Initialize mono
Mono path[0] = 'D:/2021.3.19f1/Editor/Data/Managed'
Mono path[1] = 'D:/2021.3.19f1/Editor/Data/MonoBleedingEdge/lib/mono/unityjit-win32'
Mono config path = 'D:/2021.3.19f1/Editor/Data/MonoBleedingEdge/etc'
Using monoOptions --debugger-agent=transport=dt_socket,embedding=1,server=y,suspend=n,address=127.0.0.1:56412
Begin MonoManager ReloadAssembly
Registering precompiled unity dll's ...
Register platform support module: D:/2021.3.19f1/Editor/Data/PlaybackEngines/WindowsStandaloneSupport/UnityEditor.WindowsStandalone.Extensions.dll
Registered in 0.002789 seconds.
Native extension for WindowsStandalone target not found
Refreshing native plugins compatible for Editor in 135.42 ms, found 4 plugins.
Preloading 0 native plugins for Editor in 0.00 ms.
Mono: successfully reloaded assembly
- Completed reload, in  1.005 seconds
Domain Reload Profiling:
	ReloadAssembly (1006ms)
		BeginReloadAssembly (118ms)
			ExecutionOrderSort (0ms)
			DisableScriptedObjects (0ms)
			BackupInstance (0ms)
			ReleaseScriptingObjects (0ms)
			CreateAndSetChildDomain (1ms)
		EndReloadAssembly (713ms)
			LoadAssemblies (116ms)
			RebuildTransferFunctionScriptingTraits (0ms)
			SetupTypeCache (165ms)
			ReleaseScriptCaches (0ms)
			RebuildScriptCaches (45ms)
			SetupLoadedEditorAssemblies (428ms)
				LogAssemblyErrors (0ms)
				InitializePlatformSupportModulesInManaged (9ms)
				SetLoadedEditorAssemblies (0ms)
				RefreshPlugins (136ms)
				BeforeProcessingInitializeOnLoad (2ms)
				ProcessInitializeOnLoadAttributes (186ms)
				ProcessInitializeOnLoadMethodAttributes (95ms)
				AfterProcessingInitializeOnLoad (0ms)
				EditorAssembliesLoaded (0ms)
			ExecutionOrderSort2 (0ms)
			AwakeInstancesAfterBackupRestoration (0ms)
Platform modules already initialized, skipping
Registering precompiled user dll's ...
Registered in 0.007116 seconds.
Begin MonoManager ReloadAssembly
Symbol file LoadedFromMemory doesn't match image D:\tugas\Piranti Interaksi\Library\PackageCache\com.unity.visualscripting@1.8.0\Editor\VisualScripting.Core\Dependencies\YamlDotNet\Unity.VisualScripting.YamlDotNet.dll
Symbol file LoadedFromMemory doesn't match image D:\tugas\Piranti Interaksi\Library\PackageCache\com.unity.visualscripting@1.8.0\Editor\VisualScripting.Core\Dependencies\DotNetZip\Unity.VisualScripting.IonicZip.dll
Native extension for WindowsStandalone target not found
Refreshing native plugins compatible for Editor in 159.01 ms, found 4 plugins.
Preloading 0 native plugins for Editor in 0.00 ms.
Mono: successfully reloaded assembly
- Completed reload, in  1.704 seconds
Domain Reload Profiling:
	ReloadAssembly (1706ms)
		BeginReloadAssembly (170ms)
			ExecutionOrderSort (0ms)
			DisableScriptedObjects (9ms)
			BackupInstance (0ms)
			ReleaseScriptingObjects (0ms)
			CreateAndSetChildDomain (31ms)
		EndReloadAssembly (1369ms)
			LoadAssemblies (120ms)
			RebuildTransferFunctionScriptingTraits (0ms)
			SetupTypeCache (364ms)
			ReleaseScriptCaches (1ms)
			RebuildScriptCaches (100ms)
			SetupLoadedEditorAssemblies (706ms)
				LogAssemblyErrors (0ms)
				InitializePlatformSupportModulesInManaged (5ms)
				SetLoadedEditorAssemblies (0ms)
				RefreshPlugins (159ms)
				BeforeProcessingInitializeOnLoad (127ms)
				ProcessInitializeOnLoadAttributes (353ms)
				ProcessInitializeOnLoadMethodAttributes (57ms)
				AfterProcessingInitializeOnLoad (4ms)
				EditorAssembliesLoaded (0ms)
			ExecutionOrderSort2 (0ms)
			AwakeInstancesAfterBackupRestoration (11ms)
Platform modules already initialized, skipping
========================================================================
Worker process is ready to serve import requests
Launched and connected shader compiler UnityShaderCompiler.exe after 0.06 seconds
Refreshing native plugins compatible for Editor in 0.92 ms, found 4 plugins.
Preloading 0 native plugins for Editor in 0.00 ms.
Unloading 3734 Unused Serialized files (Serialized files now loaded: 0)
Unloading 41 unused Assets / (229.4 KB). Loaded Objects now: 4187.
Memory consumption went from 142.6 MB to 142.3 MB.
Total: 4.663100 ms (FindLiveObjects: 0.371500 ms CreateObjectMapping: 0.187200 ms MarkObjects: 3.878000 ms  DeleteObjects: 0.224700 ms)

AssetImportParameters requested are different than current active one (requested -> active):
  custom:video-decoder-ogg-theora: a1e56fd34408186e4bbccfd4996cb3dc -> 
  custom:container-muxer-webm: aa71ff27fc2769a1b78a27578f13a17b -> 
  custom:container-demuxer-webm: 4f35f7cbe854078d1ac9338744f61a02 -> 
  custom:video-encoder-webm-vp8: eb34c28f22e8b96e1ab97ce403110664 -> 
  custom:audio-encoder-webm-vorbis: bf7c407c2cedff20999df2af8eb42d56 -> 
  custom:framework-win-MediaFoundation: 216162199b28c13a410421893ffa2e32 -> 
  custom:container-demuxer-ogg: 62fdf1f143b41e24485cea50d1cbac27 -> 
  custom:video-decoder-webm-vp8: 9c59270c3fd7afecdb556c50c9e8de78 -> 
  custom:audio-decoder-ogg-vorbis: bf7c407c2cedff20999df2af8eb42d56 -> 
========================================================================
Received Import Request.
  Time since last request: 1869.407888 seconds.
  path: Assets
  artifactKey: Guid(00000000000000001000000000000000) Importer(815301076,1909f56bfc062723c751e8b465ee728b)
Start importing Assets using Guid(00000000000000001000000000000000) Importer(815301076,1909f56bfc062723c751e8b465ee728b)  -> (artifact id: '79842766b460edbeab6a34051e857a80') in 0.015568 seconds 
========================================================================
Received Import Request.
  Time since last request: 2.724398 seconds.
  path: Assets/Karaker
  artifactKey: Guid(c50ba560803b5c04c910f2808f666421) Importer(815301076,1909f56bfc062723c751e8b465ee728b)
Start importing Assets/Karaker using Guid(c50ba560803b5c04c910f2808f666421) Importer(815301076,1909f56bfc062723c751e8b465ee728b)  -> (artifact id: 'dae75064258eb803bba3a29f90af592c') in 0.009860 seconds 
========================================================================
Received Import Request.
  Time since last request: 12.436418 seconds.
  path: Assets/Karakter
  artifactKey: Guid(c50ba560803b5c04c910f2808f666421) Importer(815301076,1909f56bfc062723c751e8b465ee728b)
Start importing Assets/Karakter using Guid(c50ba560803b5c04c910f2808f666421) Importer(815301076,1909f56bfc062723c751e8b465ee728b)  -> (artifact id: '224368713eb3ed0058ca6e3cf18824ad') in 0.009058 seconds 
========================================================================
Received Import Request.
  Time since last request: 41.591899 seconds.
  path: Assets/Karakter/Attack_1.png
  artifactKey: Guid(1a834f6dc07fde84ba10e5d021488227) Importer(815301076,1909f56bfc062723c751e8b465ee728b)
Start importing Assets/Karakter/Attack_1.png using Guid(1a834f6dc07fde84ba10e5d021488227) Importer(815301076,1909f56bfc062723c751e8b465ee728b)  -> (artifact id: '80f51a79dfc9de4453a297f4e3ccc55d') in 0.191561 seconds 
========================================================================
Received Import Request.
  Time since last request: 0.000043 seconds.
  path: Assets/Karakter/Run.png
  artifactKey: Guid(5d599fbadc3c50f4283dd9432e4b2ebb) Importer(815301076,1909f56bfc062723c751e8b465ee728b)
Start importing Assets/Karakter/Run.png using Guid(5d599fbadc3c50f4283dd9432e4b2ebb) Importer(815301076,1909f56bfc062723c751e8b465ee728b)  -> (artifact id: 'd140e6b3c876b4ca8da91e56fa779db8') in 0.033548 seconds 
========================================================================
Received Import Request.
  Time since last request: 0.000054 seconds.
  path: Assets/Karakter/Shield.png
  artifactKey: Guid(6f261f771affcf64d80033390269d0fe) Importer(815301076,1909f56bfc062723c751e8b465ee728b)
Start importing Assets/Karakter/Shield.png using Guid(6f261f771affcf64d80033390269d0fe) Importer(815301076,1909f56bfc062723c751e8b465ee728b)  -> (artifact id: '385e62cc0c0440f71e9abf9ffb842d67') in 0.021942 seconds 
========================================================================
Received Import Request.
  Time since last request: 0.000029 seconds.
  path: Assets/Karakter/Attack_3.png
  artifactKey: Guid(bf1b94d655d2787408bfb44ae2c9dd52) Importer(815301076,1909f56bfc062723c751e8b465ee728b)
Start importing Assets/Karakter/Attack_3.png using Guid(bf1b94d655d2787408bfb44ae2c9dd52) Importer(815301076,1909f56bfc062723c751e8b465ee728b)  -> (artifact id: '5af227cff1ba6a5e3b1987660b1a3ef9') in 0.021048 seconds 
========================================================================
Received Import Request.
  Time since last request: 0.000029 seconds.
  path: Assets/Karakter/Walk.png
  artifactKey: Guid(edcba5a1d315ef245a867733b4044b2f) Importer(815301076,1909f56bfc062723c751e8b465ee728b)
Start importing Assets/Karakter/Walk.png using Guid(edcba5a1d315ef245a867733b4044b2f) Importer(815301076,1909f56bfc062723c751e8b465ee728b)  -> (artifact id: 'db6a74dd76195a3316205db0c022c2df') in 0.025901 seconds 
========================================================================
Received Import Request.
  Time since last request: 33.634413 seconds.
  path: Assets/BackGround
  artifactKey: Guid(3e6326f92730b7148b8b6a48ac981bd0) Importer(815301076,1909f56bfc062723c751e8b465ee728b)
Start importing Assets/BackGround using Guid(3e6326f92730b7148b8b6a48ac981bd0) Importer(815301076,1909f56bfc062723c751e8b465ee728b)  -> (artifact id: '0d354abdc650cd8f0a8cb19abdae464a') in 0.009293 seconds 
========================================================================
Received Import Request.
  Time since last request: 20.007740 seconds.
  path: Assets/BackGround/Background.png
  artifactKey: Guid(e764ba2761321094e91dce87d95d59dc) Importer(815301076,1909f56bfc062723c751e8b465ee728b)
Start importing Assets/BackGround/Background.png using Guid(e764ba2761321094e91dce87d95d59dc) Importer(815301076,1909f56bfc062723c751e8b465ee728b)  -> (artifact id: '5ad432a584130b2577cf025af739140d') in 0.039600 seconds 
========================================================================
Received Import Request.
  Time since last request: 35.623636 seconds.
  path: Assets/Karakter/Idle.png
  artifactKey: Guid(fd14919443c0d98409374fa1a1032870) Importer(815301076,1909f56bfc062723c751e8b465ee728b)
Start importing Assets/Karakter/Idle.png using Guid(fd14919443c0d98409374fa1a1032870) Importer(815301076,1909f56bfc062723c751e8b465ee728b)  -> (artifact id: '31fdd071b3620551aa49944635aa9dae') in 0.069753 seconds 
========================================================================
Received Import Request.
  Time since last request: 112.402249 seconds.
  path: Assets/Karakter/Idle.png
  artifactKey: Guid(fd14919443c0d98409374fa1a1032870) Importer(815301076,1909f56bfc062723c751e8b465ee728b)
Start importing Assets/Karakter/Idle.png using Guid(fd14919443c0d98409374fa1a1032870) Importer(815301076,1909f56bfc062723c751e8b465ee728b)  -> (artifact id: 'f4becdd6aaa84a2323d1b4025a626da3') in 0.044945 seconds 
========================================================================
Received Import Request.
  Time since last request: 73.263406 seconds.
  path: Assets/Karakter/Run.png
  artifactKey: Guid(5d599fbadc3c50f4283dd9432e4b2ebb) Importer(815301076,1909f56bfc062723c751e8b465ee728b)
Start importing Assets/Karakter/Run.png using Guid(5d599fbadc3c50f4283dd9432e4b2ebb) Importer(815301076,1909f56bfc062723c751e8b465ee728b)  -> (artifact id: '3391234ed13c70693a989caf050e46ab') in 0.086950 seconds 
========================================================================
Received Import Request.
  Time since last request: 7.911301 seconds.
  path: Assets/Karakter/Run.png
  artifactKey: Guid(5d599fbadc3c50f4283dd9432e4b2ebb) Importer(815301076,1909f56bfc062723c751e8b465ee728b)
Start importing Assets/Karakter/Run.png using Guid(5d599fbadc3c50f4283dd9432e4b2ebb) Importer(815301076,1909f56bfc062723c751e8b465ee728b)  -> (artifact id: '2bf9b138fb0aabca7b1fdae0cb4d0513') in 0.105140 seconds 
========================================================================
Received Import Request.
  Time since last request: 22.369710 seconds.
  path: Assets/Tile
  artifactKey: Guid(811f8e8e05465ad449298583c7104117) Importer(815301076,1909f56bfc062723c751e8b465ee728b)
Start importing Assets/Tile using Guid(811f8e8e05465ad449298583c7104117) Importer(815301076,1909f56bfc062723c751e8b465ee728b)  -> (artifact id: '4ad6f2b8523e6cc80317f57a82c3df26') in 0.009336 seconds 
========================================================================
Received Import Request.
  Time since last request: 27.310102 seconds.
  path: Assets/Tile/Tile_81.png
  artifactKey: Guid(707d5eb78a372964eb505a11f5e83c98) Importer(815301076,1909f56bfc062723c751e8b465ee728b)
Start importing Assets/Tile/Tile_81.png using Guid(707d5eb78a372964eb505a11f5e83c98) Importer(815301076,1909f56bfc062723c751e8b465ee728b)  -> (artifact id: 'f9188966b115afda4940da1feb4f843e') in 0.042189 seconds 
========================================================================
Received Import Request.
  Time since last request: 0.000032 seconds.
  path: Assets/Tile/Tile_85.png
  artifactKey: Guid(94caa1bdbbd2d8b449073e741f4ec37e) Importer(815301076,1909f56bfc062723c751e8b465ee728b)
Start importing Assets/Tile/Tile_85.png using Guid(94caa1bdbbd2d8b449073e741f4ec37e) Importer(815301076,1909f56bfc062723c751e8b465ee728b)  -> (artifact id: '4f03855182105b8274d8d897156c7497') in 0.090680 seconds 
========================================================================
Received Import Request.
  Time since last request: 0.000043 seconds.
  path: Assets/Tile/Tile_94.png
  artifactKey: Guid(559bc0179a32ab547bbce99281c5652f) Importer(815301076,1909f56bfc062723c751e8b465ee728b)
Start importing Assets/Tile/Tile_94.png using Guid(559bc0179a32ab547bbce99281c5652f) Importer(815301076,1909f56bfc062723c751e8b465ee728b)  -> (artifact id: '9a06bbbb6b35d0a8dcf7e54c44ecf3de') in 0.021528 seconds 
========================================================================
Received Import Request.
  Time since last request: 0.000053 seconds.
  path: Assets/Tile/Tile_83.png
  artifactKey: Guid(3fa88df06bbb63b4482a93626363dbcf) Importer(815301076,1909f56bfc062723c751e8b465ee728b)
Start importing Assets/Tile/Tile_83.png using Guid(3fa88df06bbb63b4482a93626363dbcf) Importer(815301076,1909f56bfc062723c751e8b465ee728b)  -> (artifact id: 'ec8594a139da1f78d0b20f4d27ca42e7') in 0.019504 seconds 
========================================================================
Received Import Request.
  Time since last request: 0.000039 seconds.
  path: Assets/Tile/Tile_84.png
  artifactKey: Guid(87128472fb598cf46bc97fb058e85d8d) Importer(815301076,1909f56bfc062723c751e8b465ee728b)
Start importing Assets/Tile/Tile_84.png using Guid(87128472fb598cf46bc97fb058e85d8d) Importer(815301076,1909f56bfc062723c751e8b465ee728b)  -> (artifact id: 'a0232610fcf41b81876437079267ddf1') in 0.052980 seconds 
========================================================================
Received Import Request.
  Time since last request: 0.000035 seconds.
  path: Assets/Tile/Tile_86.png
  artifactKey: Guid(666d55fbe6ff00349aea0f26ebff4c62) Importer(815301076,1909f56bfc062723c751e8b465ee728b)
Start importing Assets/Tile/Tile_86.png using Guid(666d55fbe6ff00349aea0f26ebff4c62) Importer(815301076,1909f56bfc062723c751e8b465ee728b)  -> (artifact id: '17552ba332e7791549af99a6abc17d24') in 0.056955 seconds 
========================================================================
Received Import Request.
  Time since last request: 0.000036 seconds.
  path: Assets/Tile/Tile_89.png
  artifactKey: Guid(a92f9ee095fee8b4cb041209ccc4e7a2) Importer(815301076,1909f56bfc062723c751e8b465ee728b)
Start importing Assets/Tile/Tile_89.png using Guid(a92f9ee095fee8b4cb041209ccc4e7a2) Importer(815301076,1909f56bfc062723c751e8b465ee728b)  -> (artifact id: 'a26aaff8d247103c18ade7319abd8896') in 0.024708 seconds 
========================================================================
Received Import Request.
  Time since last request: 0.000036 seconds.
  path: Assets/Tile/Tile_91.png
  artifactKey: Guid(6e10b6895e1927140af9bf549c1249ea) Importer(815301076,1909f56bfc062723c751e8b465ee728b)
Start importing Assets/Tile/Tile_91.png using Guid(6e10b6895e1927140af9bf549c1249ea) Importer(815301076,1909f56bfc062723c751e8b465ee728b)  -> (artifact id: '241cf12463f876ea4b1517b98e805470') in 0.018435 seconds 
========================================================================
Received Import Request.
  Time since last request: 1.502485 seconds.
  path: Assets/Tile/Tile_73.png
  artifactKey: Guid(749e583b738d8e042bf33cd46e6d97cb) Importer(815301076,1909f56bfc062723c751e8b465ee728b)
Start importing Assets/Tile/Tile_73.png using Guid(749e583b738d8e042bf33cd46e6d97cb) Importer(815301076,1909f56bfc062723c751e8b465ee728b)  -> (artifact id: 'ca2ba7ac224d90b5568c97a707c2959e') in 0.042713 seconds 
========================================================================
Received Import Request.
  Time since last request: 0.000033 seconds.
  path: Assets/Tile/Tile_67.png
  artifactKey: Guid(8b3affa2343948a41b7b4df0d3a13f16) Importer(815301076,1909f56bfc062723c751e8b465ee728b)
Start importing Assets/Tile/Tile_67.png using Guid(8b3affa2343948a41b7b4df0d3a13f16) Importer(815301076,1909f56bfc062723c751e8b465ee728b)  -> (artifact id: '04a6e967b88f0bec215aba508062132d') in 0.018594 seconds 
========================================================================
Received Import Request.
  Time since last request: 0.000046 seconds.
  path: Assets/Tile/Tile_51.png
  artifactKey: Guid(49ae65abeb65d854a9cd5c86a05c235c) Importer(815301076,1909f56bfc062723c751e8b465ee728b)
Start importing Assets/Tile/Tile_51.png using Guid(49ae65abeb65d854a9cd5c86a05c235c) Importer(815301076,1909f56bfc062723c751e8b465ee728b)  -> (artifact id: '070d3163ca042923bb46f628d6741eb8') in 0.016364 seconds 
========================================================================
Received Import Request.
  Time since last request: 0.000034 seconds.
  path: Assets/Tile/Tile_65.png
  artifactKey: Guid(89eddcfe012d1fe45a7f06208ee55b88) Importer(815301076,1909f56bfc062723c751e8b465ee728b)
Start importing Assets/Tile/Tile_65.png using Guid(89eddcfe012d1fe45a7f06208ee55b88) Importer(815301076,1909f56bfc062723c751e8b465ee728b)  -> (artifact id: 'f8cb06e35c496ba5cd1191985a30183a') in 0.024409 seconds 
========================================================================
Received Import Request.
  Time since last request: 0.000033 seconds.
  path: Assets/Tile/Tile_55.png
  artifactKey: Guid(5af3a8d7cf80b7c4c84242003c6317b0) Importer(815301076,1909f56bfc062723c751e8b465ee728b)
Start importing Assets/Tile/Tile_55.png using Guid(5af3a8d7cf80b7c4c84242003c6317b0) Importer(815301076,1909f56bfc062723c751e8b465ee728b)  -> (artifact id: 'a9de712d9857c4b06032030d404594b1') in 0.021708 seconds 
========================================================================
Received Import Request.
  Time since last request: 0.000048 seconds.
  path: Assets/Tile/Tile_38.png
  artifactKey: Guid(5566908a3de28a04fb00c4cb483f11f9) Importer(815301076,1909f56bfc062723c751e8b465ee728b)
Start importing Assets/Tile/Tile_38.png using Guid(5566908a3de28a04fb00c4cb483f11f9) Importer(815301076,1909f56bfc062723c751e8b465ee728b)  -> (artifact id: '3ad28888b054752ffcba090efcb0ad17') in 0.018454 seconds 
========================================================================
Received Import Request.
  Time since last request: 0.000041 seconds.
  path: Assets/Tile/Tile_34.png
  artifactKey: Guid(84ba1ef6147124b4fb28764fbc8b05b7) Importer(815301076,1909f56bfc062723c751e8b465ee728b)
Start importing Assets/Tile/Tile_34.png using Guid(84ba1ef6147124b4fb28764fbc8b05b7) Importer(815301076,1909f56bfc062723c751e8b465ee728b)  -> (artifact id: 'c99c3461f7b66a0c19b2502a1ca40203') in 0.017822 seconds 
========================================================================
Received Import Request.
  Time since last request: 0.000034 seconds.
  path: Assets/Tile/Tile_23.png
  artifactKey: Guid(a64e083f42a45724694b92f08d84e1b1) Importer(815301076,1909f56bfc062723c751e8b465ee728b)
Start importing Assets/Tile/Tile_23.png using Guid(a64e083f42a45724694b92f08d84e1b1) Importer(815301076,1909f56bfc062723c751e8b465ee728b)  -> (artifact id: 'fafd41e9c25a63fbe313a04f8800cfc5') in 0.018093 seconds 
========================================================================
Received Import Request.
  Time since last request: 0.000031 seconds.
  path: Assets/Tile/Tile_27.png
  artifactKey: Guid(5ebaa0f63e34947498a6a2c43a5b2cb7) Importer(815301076,1909f56bfc062723c751e8b465ee728b)
Start importing Assets/Tile/Tile_27.png using Guid(5ebaa0f63e34947498a6a2c43a5b2cb7) Importer(815301076,1909f56bfc062723c751e8b465ee728b)  -> (artifact id: 'abeec5ef9e05aa881c8324de18543557') in 0.041411 seconds 
========================================================================
Received Import Request.
  Time since last request: 0.000031 seconds.
  path: Assets/Tile/Tile_54.png
  artifactKey: Guid(3404bb51c28f3d2429d8645bcff6e274) Importer(815301076,1909f56bfc062723c751e8b465ee728b)
Start importing Assets/Tile/Tile_54.png using Guid(3404bb51c28f3d2429d8645bcff6e274) Importer(815301076,1909f56bfc062723c751e8b465ee728b)  -> (artifact id: '9efd61976573fcb87fe846715b24abfd') in 0.024820 seconds 
========================================================================
Received Import Request.
  Time since last request: 0.000027 seconds.
  path: Assets/Tile/Tile_37.png
  artifactKey: Guid(a9ec858f92846644a95ac48e7500bd20) Importer(815301076,1909f56bfc062723c751e8b465ee728b)
Start importing Assets/Tile/Tile_37.png using Guid(a9ec858f92846644a95ac48e7500bd20) Importer(815301076,1909f56bfc062723c751e8b465ee728b)  -> (artifact id: '517c5e9986a699de5a1424e9f2305067') in 0.044558 seconds 
========================================================================
Received Import Request.
  Time since last request: 0.000092 seconds.
  path: Assets/Tile/Tile_64.png
  artifactKey: Guid(277c2c8bb4e2f0d409cbaf19b97778fe) Importer(815301076,1909f56bfc062723c751e8b465ee728b)
Start importing Assets/Tile/Tile_64.png using Guid(277c2c8bb4e2f0d409cbaf19b97778fe) Importer(815301076,1909f56bfc062723c751e8b465ee728b)  -> (artifact id: 'a89904c818cea7e60f0133d54dc07362') in 0.022199 seconds 
========================================================================
Received Import Request.
  Time since last request: 0.000045 seconds.
  path: Assets/Tile/Tile_80.png
  artifactKey: Guid(b0901de663dce564ba37530b4ec49f45) Importer(815301076,1909f56bfc062723c751e8b465ee728b)
Start importing Assets/Tile/Tile_80.png using Guid(b0901de663dce564ba37530b4ec49f45) Importer(815301076,1909f56bfc062723c751e8b465ee728b)  -> (artifact id: '62a717257cacd5daa26b5467255a8ec6') in 0.019427 seconds 
========================================================================
Received Import Request.
  Time since last request: 0.000031 seconds.
  path: Assets/Tile/Tile_31.png
  artifactKey: Guid(d477f0d50ffbb94499e52aa6a44c4e19) Importer(815301076,1909f56bfc062723c751e8b465ee728b)
Start importing Assets/Tile/Tile_31.png using Guid(d477f0d50ffbb94499e52aa6a44c4e19) Importer(815301076,1909f56bfc062723c751e8b465ee728b)  -> (artifact id: '7c664a82763799e48f22c13da8342dd2') in 0.021597 seconds 
========================================================================
Received Import Request.
  Time since last request: 0.000027 seconds.
  path: Assets/Tile/Tile_78.png
  artifactKey: Guid(0bc2fcff8af137b48afea4a29390db58) Importer(815301076,1909f56bfc062723c751e8b465ee728b)
Start importing Assets/Tile/Tile_78.png using Guid(0bc2fcff8af137b48afea4a29390db58) Importer(815301076,1909f56bfc062723c751e8b465ee728b)  -> (artifact id: '77614487bc23890ab03e0f29cf3040b1') in 0.027529 seconds 
========================================================================
Received Import Request.
  Time since last request: 0.000029 seconds.
  path: Assets/Tile/Tile_45.png
  artifactKey: Guid(7d8f45d3fda17e74192e3c39caac72b4) Importer(815301076,1909f56bfc062723c751e8b465ee728b)
Start importing Assets/Tile/Tile_45.png using Guid(7d8f45d3fda17e74192e3c39caac72b4) Importer(815301076,1909f56bfc062723c751e8b465ee728b)  -> (artifact id: '5bd51f23b5e738db471454b75c32fddf') in 0.022127 seconds 
========================================================================
Received Import Request.
  Time since last request: 0.000039 seconds.
  path: Assets/Tile/Tile_49.png
  artifactKey: Guid(d8597ac261d958a4fb14ba9dab3742fe) Importer(815301076,1909f56bfc062723c751e8b465ee728b)
Start importing Assets/Tile/Tile_49.png using Guid(d8597ac261d958a4fb14ba9dab3742fe) Importer(815301076,1909f56bfc062723c751e8b465ee728b)  -> (artifact id: 'ba98e4472d069f9699b3eb7cbf05db6c') in 0.020858 seconds 
========================================================================
Received Import Request.
  Time since last request: 0.000036 seconds.
  path: Assets/Tile/Tile_17.png
  artifactKey: Guid(892c16cbb945ada46a33431e37ff3a78) Importer(815301076,1909f56bfc062723c751e8b465ee728b)
Start importing Assets/Tile/Tile_17.png using Guid(892c16cbb945ada46a33431e37ff3a78) Importer(815301076,1909f56bfc062723c751e8b465ee728b)  -> (artifact id: 'ab0cebfbbb108f3a3cc475d1efd70905') in 0.018031 seconds 
========================================================================
Received Import Request.
  Time since last request: 0.000030 seconds.
  path: Assets/Tile/Tile_24.png
  artifactKey: Guid(bbf94ce8287fb8b49ae2f816ccabb37f) Importer(815301076,1909f56bfc062723c751e8b465ee728b)
Start importing Assets/Tile/Tile_24.png using Guid(bbf94ce8287fb8b49ae2f816ccabb37f) Importer(815301076,1909f56bfc062723c751e8b465ee728b)  -> (artifact id: 'e3fbc4a9d9a4b1ca06799423bdfaec2b') in 0.021422 seconds 
========================================================================
Received Import Request.
  Time since last request: 0.000037 seconds.
  path: Assets/Tile/Tile_21.png
  artifactKey: Guid(e92c9881196257c41adf74dc0b1df789) Importer(815301076,1909f56bfc062723c751e8b465ee728b)
Start importing Assets/Tile/Tile_21.png using Guid(e92c9881196257c41adf74dc0b1df789) Importer(815301076,1909f56bfc062723c751e8b465ee728b)  -> (artifact id: 'e50c0897f85c20ecbae532906ca2b2f0') in 0.021069 seconds 
========================================================================
Received Import Request.
  Time since last request: 0.000035 seconds.
  path: Assets/Tile/Tile_08.png
  artifactKey: Guid(4059b0b8224e1df4c8f6f9d0eb3cadea) Importer(815301076,1909f56bfc062723c751e8b465ee728b)
Start importing Assets/Tile/Tile_08.png using Guid(4059b0b8224e1df4c8f6f9d0eb3cadea) Importer(815301076,1909f56bfc062723c751e8b465ee728b)  -> (artifact id: '9e68b1a6fd266da8214b4bee737732e8') in 0.019677 seconds 
========================================================================
Received Import Request.
  Time since last request: 0.000061 seconds.
  path: Assets/Tile/Tile_25.png
  artifactKey: Guid(1478b09a9e7e1f84081ee1edcf4ac91c) Importer(815301076,1909f56bfc062723c751e8b465ee728b)
Start importing Assets/Tile/Tile_25.png using Guid(1478b09a9e7e1f84081ee1edcf4ac91c) Importer(815301076,1909f56bfc062723c751e8b465ee728b)  -> (artifact id: '1bdeae33e9cbb30825f27e424c948b6a') in 0.018099 seconds 
========================================================================
Received Import Request.
  Time since last request: 0.000031 seconds.
  path: Assets/Tile/Tile_57.png
  artifactKey: Guid(71931ac86830d7f42ab2ad432613c741) Importer(815301076,1909f56bfc062723c751e8b465ee728b)
Start importing Assets/Tile/Tile_57.png using Guid(71931ac86830d7f42ab2ad432613c741) Importer(815301076,1909f56bfc062723c751e8b465ee728b)  -> (artifact id: '5b181639eedda339248f693d7afb9d1a') in 0.021989 seconds 
========================================================================
Received Import Request.
  Time since last request: 0.000028 seconds.
  path: Assets/Tile/Tile_26.png
  artifactKey: Guid(b786e5a8c63f92e4d8c2983c82037e9b) Importer(815301076,1909f56bfc062723c751e8b465ee728b)
Start importing Assets/Tile/Tile_26.png using Guid(b786e5a8c63f92e4d8c2983c82037e9b) Importer(815301076,1909f56bfc062723c751e8b465ee728b)  -> (artifact id: 'b046efa16aa37eaa2da8066f4b2210cf') in 0.022116 seconds 
========================================================================
Received Import Request.
  Time since last request: 0.000035 seconds.
  path: Assets/Tile/Tile_18.png
  artifactKey: Guid(d51e2aa0afefa7e4287f52feae3fa4b0) Importer(815301076,1909f56bfc062723c751e8b465ee728b)
Start importing Assets/Tile/Tile_18.png using Guid(d51e2aa0afefa7e4287f52feae3fa4b0) Importer(815301076,1909f56bfc062723c751e8b465ee728b)  -> (artifact id: '6a2c54f9eb3755c5220275dec6d3adc2') in 0.018733 seconds 
========================================================================
Received Import Request.
  Time since last request: 0.000036 seconds.
  path: Assets/Tile/Tile_01.png
  artifactKey: Guid(1f8d98a166c4faf46909e3f7967b5105) Importer(815301076,1909f56bfc062723c751e8b465ee728b)
Start importing Assets/Tile/Tile_01.png using Guid(1f8d98a166c4faf46909e3f7967b5105) Importer(815301076,1909f56bfc062723c751e8b465ee728b)  -> (artifact id: 'a8f6c4f0a62eeb53a6a2fa45ef69aee5') in 0.019632 seconds 
========================================================================
Received Import Request.
  Time since last request: 0.000031 seconds.
  path: Assets/Tile/Tile_39.png
  artifactKey: Guid(08243f3de4d6bb141a3575ecc0eb9c5f) Importer(815301076,1909f56bfc062723c751e8b465ee728b)
Start importing Assets/Tile/Tile_39.png using Guid(08243f3de4d6bb141a3575ecc0eb9c5f) Importer(815301076,1909f56bfc062723c751e8b465ee728b)  -> (artifact id: '8f8b0e06ba97a788dd58a32446e6d929') in 0.024112 seconds 
========================================================================
Received Import Request.
  Time since last request: 0.000036 seconds.
  path: Assets/Tile/Tile_33.png
  artifactKey: Guid(41583b2066aabfe4ba2574b63bce6271) Importer(815301076,1909f56bfc062723c751e8b465ee728b)
Start importing Assets/Tile/Tile_33.png using Guid(41583b2066aabfe4ba2574b63bce6271) Importer(815301076,1909f56bfc062723c751e8b465ee728b)  -> (artifact id: '8937231774eed45909076fc075082a72') in 0.019768 seconds 
========================================================================
Received Import Request.
  Time since last request: 0.000033 seconds.
  path: Assets/Tile/Tile_36.png
  artifactKey: Guid(f5d9530c98bdddb419de39f8a96a5774) Importer(815301076,1909f56bfc062723c751e8b465ee728b)
Start importing Assets/Tile/Tile_36.png using Guid(f5d9530c98bdddb419de39f8a96a5774) Importer(815301076,1909f56bfc062723c751e8b465ee728b)  -> (artifact id: '37499fb60caa82ae25d3d41c9e87d503') in 0.018539 seconds 
========================================================================
Received Import Request.
  Time since last request: 0.000033 seconds.
  path: Assets/Tile/Tile_41.png
  artifactKey: Guid(c9158c0423d3ae342a8409637e77e971) Importer(815301076,1909f56bfc062723c751e8b465ee728b)
Start importing Assets/Tile/Tile_41.png using Guid(c9158c0423d3ae342a8409637e77e971) Importer(815301076,1909f56bfc062723c751e8b465ee728b)  -> (artifact id: 'd70c264fdffd92012d11b75f6ab82a79') in 0.019295 seconds 
========================================================================
Received Import Request.
  Time since last request: 0.000043 seconds.
  path: Assets/Tile/Tile_75.png
  artifactKey: Guid(cd59f84f33c8d1a4491b4f3e99a0c868) Importer(815301076,1909f56bfc062723c751e8b465ee728b)
Start importing Assets/Tile/Tile_75.png using Guid(cd59f84f33c8d1a4491b4f3e99a0c868) Importer(815301076,1909f56bfc062723c751e8b465ee728b)  -> (artifact id: 'c2ee622d28e633ff2bdbe5e3942df640') in 0.020009 seconds 
========================================================================
Received Import Request.
  Time since last request: 0.000030 seconds.
  path: Assets/Tile/Tile_58.png
  artifactKey: Guid(369f1bfef9ff94841a1c3c5fff076c5c) Importer(815301076,1909f56bfc062723c751e8b465ee728b)
Start importing Assets/Tile/Tile_58.png using Guid(369f1bfef9ff94841a1c3c5fff076c5c) Importer(815301076,1909f56bfc062723c751e8b465ee728b)  -> (artifact id: 'ffc3f3423db8dc652f0e1de3e6e8bd7a') in 0.019137 seconds 
========================================================================
Received Import Request.
  Time since last request: 0.000027 seconds.
  path: Assets/Tile/Tile_44.png
  artifactKey: Guid(3c46c796c3112b44085939d952a2c1ad) Importer(815301076,1909f56bfc062723c751e8b465ee728b)
Start importing Assets/Tile/Tile_44.png using Guid(3c46c796c3112b44085939d952a2c1ad) Importer(815301076,1909f56bfc062723c751e8b465ee728b)  -> (artifact id: '43c33750761540d8c24359e1db121a08') in 0.021211 seconds 
========================================================================
Received Import Request.
  Time since last request: 0.000028 seconds.
  path: Assets/Tile/Tile_52.png
  artifactKey: Guid(fdb70ec377bd8d84cb95c8e3ce3d4be9) Importer(815301076,1909f56bfc062723c751e8b465ee728b)
Start importing Assets/Tile/Tile_52.png using Guid(fdb70ec377bd8d84cb95c8e3ce3d4be9) Importer(815301076,1909f56bfc062723c751e8b465ee728b)  -> (artifact id: '886e0ff297d90879b937d427ee4c0013') in 0.016056 seconds 
========================================================================
Received Import Request.
  Time since last request: 0.000031 seconds.
  path: Assets/Tile/Tile_07.png
  artifactKey: Guid(0ce8cf852ed805a47b953de8afa5e3c0) Importer(815301076,1909f56bfc062723c751e8b465ee728b)
Start importing Assets/Tile/Tile_07.png using Guid(0ce8cf852ed805a47b953de8afa5e3c0) Importer(815301076,1909f56bfc062723c751e8b465ee728b)  -> (artifact id: '3794ace073c9dc114ba7c7c2b2f4c5fb') in 0.019311 seconds 
========================================================================
Received Import Request.
  Time since last request: 0.000036 seconds.
  path: Assets/Tile/Tile_16.png
  artifactKey: Guid(d0588696c5c629f44af1fefd37c8a054) Importer(815301076,1909f56bfc062723c751e8b465ee728b)
Start importing Assets/Tile/Tile_16.png using Guid(d0588696c5c629f44af1fefd37c8a054) Importer(815301076,1909f56bfc062723c751e8b465ee728b)  -> (artifact id: 'd697f8428934a35b6392fbd9f855f19d') in 0.019480 seconds 
========================================================================
Received Import Request.
  Time since last request: 0.000038 seconds.
  path: Assets/Tile/Tile_03.png
  artifactKey: Guid(5f51b61d6e3e21c4289235850179daac) Importer(815301076,1909f56bfc062723c751e8b465ee728b)
Start importing Assets/Tile/Tile_03.png using Guid(5f51b61d6e3e21c4289235850179daac) Importer(815301076,1909f56bfc062723c751e8b465ee728b)  -> (artifact id: '162edcb47d99bbfd04aa0312871ff470') in 0.061181 seconds 
========================================================================
Received Import Request.
  Time since last request: 0.000035 seconds.
  path: Assets/Tile/Tile_10.png
  artifactKey: Guid(be91b852b4543d547a7c99fc123a7936) Importer(815301076,1909f56bfc062723c751e8b465ee728b)
Start importing Assets/Tile/Tile_10.png using Guid(be91b852b4543d547a7c99fc123a7936) Importer(815301076,1909f56bfc062723c751e8b465ee728b)  -> (artifact id: '475ba058ca1b925c6ea288d96ff70d07') in 0.025277 seconds 
========================================================================
Received Import Request.
  Time since last request: 0.000043 seconds.
  path: Assets/Tile/Tile_22.png
  artifactKey: Guid(3b5066e9eea7942469dd0dc46d544349) Importer(815301076,1909f56bfc062723c751e8b465ee728b)
Start importing Assets/Tile/Tile_22.png using Guid(3b5066e9eea7942469dd0dc46d544349) Importer(815301076,1909f56bfc062723c751e8b465ee728b)  -> (artifact id: '2daf974233b92bc9c70a8db642443cc3') in 0.021238 seconds 
========================================================================
Received Import Request.
  Time since last request: 0.000044 seconds.
  path: Assets/Tile/Tile_29.png
  artifactKey: Guid(6281d4bde487e9742af91c2edff5c1f6) Importer(815301076,1909f56bfc062723c751e8b465ee728b)
Start importing Assets/Tile/Tile_29.png using Guid(6281d4bde487e9742af91c2edff5c1f6) Importer(815301076,1909f56bfc062723c751e8b465ee728b)  -> (artifact id: 'eda0cddeaff7d1d3cef8fae951a9f720') in 0.022606 seconds 
========================================================================
Received Import Request.
  Time since last request: 0.000035 seconds.
  path: Assets/Tile/Tile_59.png
  artifactKey: Guid(b35e90ab69e63504a8cea09dfa808172) Importer(815301076,1909f56bfc062723c751e8b465ee728b)
Start importing Assets/Tile/Tile_59.png using Guid(b35e90ab69e63504a8cea09dfa808172) Importer(815301076,1909f56bfc062723c751e8b465ee728b)  -> (artifact id: 'b51c0aebbf17ea328a6dfa1950b39ba0') in 0.019273 seconds 
========================================================================
Received Import Request.
  Time since last request: 238.482054 seconds.
  path: Assets/Karakter/New Prefab.prefab
  artifactKey: Guid(1537bcee0746f254b8651a2b764459fc) Importer(815301076,1909f56bfc062723c751e8b465ee728b)
Start importing Assets/Karakter/New Prefab.prefab using Guid(1537bcee0746f254b8651a2b764459fc) Importer(815301076,1909f56bfc062723c751e8b465ee728b)  -> (artifact id: '37ea81fd59078884fa5c82b247ca0a91') in 0.029511 seconds 
========================================================================
Received Import Request.
  Time since last request: 6.686183 seconds.
  path: Assets/Karakter/Chara.prefab
  artifactKey: Guid(1537bcee0746f254b8651a2b764459fc) Importer(815301076,1909f56bfc062723c751e8b465ee728b)
Start importing Assets/Karakter/Chara.prefab using Guid(1537bcee0746f254b8651a2b764459fc) Importer(815301076,1909f56bfc062723c751e8b465ee728b)  -> (artifact id: 'efb612162e39dac2d65e933860e32d6c') in 0.011108 seconds 
========================================================================
Received Import Request.
  Time since last request: 13.648485 seconds.
  path: Assets/Karakter/idle.prefab
  artifactKey: Guid(1537bcee0746f254b8651a2b764459fc) Importer(815301076,1909f56bfc062723c751e8b465ee728b)
Start importing Assets/Karakter/idle.prefab using Guid(1537bcee0746f254b8651a2b764459fc) Importer(815301076,1909f56bfc062723c751e8b465ee728b)  -> (artifact id: '6ab41fc09f0739cef8b58cc2e3233a97') in 0.011455 seconds 
========================================================================
Received Prepare
Registering precompiled user dll's ...
Registered in 0.006952 seconds.
Begin MonoManager ReloadAssembly
Symbol file LoadedFromMemory doesn't match image D:\tugas\Piranti Interaksi\Library\PackageCache\com.unity.visualscripting@1.8.0\Editor\VisualScripting.Core\Dependencies\YamlDotNet\Unity.VisualScripting.YamlDotNet.dll
Symbol file LoadedFromMemory doesn't match image D:\tugas\Piranti Interaksi\Library\PackageCache\com.unity.visualscripting@1.8.0\Editor\VisualScripting.Core\Dependencies\DotNetZip\Unity.VisualScripting.IonicZip.dll
Native extension for WindowsStandalone target not found
Refreshing native plugins compatible for Editor in 1.59 ms, found 4 plugins.
Preloading 0 native plugins for Editor in 0.00 ms.
Mono: successfully reloaded assembly
- Completed reload, in  1.743 seconds
Domain Reload Profiling:
	ReloadAssembly (1744ms)
		BeginReloadAssembly (188ms)
			ExecutionOrderSort (0ms)
			DisableScriptedObjects (10ms)
			BackupInstance (0ms)
			ReleaseScriptingObjects (0ms)
			CreateAndSetChildDomain (50ms)
		EndReloadAssembly (1384ms)
			LoadAssemblies (124ms)
			RebuildTransferFunctionScriptingTraits (0ms)
			SetupTypeCache (421ms)
			ReleaseScriptCaches (2ms)
			RebuildScriptCaches (94ms)
			SetupLoadedEditorAssemblies (648ms)
				LogAssemblyErrors (0ms)
				InitializePlatformSupportModulesInManaged (94ms)
				SetLoadedEditorAssemblies (1ms)
				RefreshPlugins (2ms)
				BeforeProcessingInitializeOnLoad (115ms)
				ProcessInitializeOnLoadAttributes (370ms)
				ProcessInitializeOnLoadMethodAttributes (60ms)
				AfterProcessingInitializeOnLoad (5ms)
				EditorAssembliesLoaded (0ms)
			ExecutionOrderSort2 (0ms)
			AwakeInstancesAfterBackupRestoration (17ms)
Platform modules already initialized, skipping
Refreshing native plugins compatible for Editor in 4.25 ms, found 4 plugins.
Preloading 0 native plugins for Editor in 0.00 ms.
Unloading 3729 Unused Serialized files (Serialized files now loaded: 0)
Unloading 28 unused Assets / (195.7 KB). Loaded Objects now: 4211.
Memory consumption went from 146.5 MB to 146.3 MB.
Total: 4.827000 ms (FindLiveObjects: 0.325000 ms CreateObjectMapping: 0.157300 ms MarkObjects: 4.139400 ms  DeleteObjects: 0.203800 ms)

AssetImportParameters requested are different than current active one (requested -> active):
  custom:video-decoder-ogg-theora: a1e56fd34408186e4bbccfd4996cb3dc -> 
  custom:container-muxer-webm: aa71ff27fc2769a1b78a27578f13a17b -> 
  custom:container-demuxer-webm: 4f35f7cbe854078d1ac9338744f61a02 -> 
  custom:video-encoder-webm-vp8: eb34c28f22e8b96e1ab97ce403110664 -> 
  custom:audio-encoder-webm-vorbis: bf7c407c2cedff20999df2af8eb42d56 -> 
  custom:framework-win-MediaFoundation: 216162199b28c13a410421893ffa2e32 -> 
  custom:container-demuxer-ogg: 62fdf1f143b41e24485cea50d1cbac27 -> 
  custom:video-decoder-webm-vp8: 9c59270c3fd7afecdb556c50c9e8de78 -> 
  custom:audio-decoder-ogg-vorbis: bf7c407c2cedff20999df2af8eb42d56 -> 
========================================================================
Received Import Request.
  Time since last request: 166.054274 seconds.
  path: Assets/Karakter/Jump.png
  artifactKey: Guid(fe4559e6504f8c94d9deab2691dcf6f4) Importer(815301076,1909f56bfc062723c751e8b465ee728b)
Start importing Assets/Karakter/Jump.png using Guid(fe4559e6504f8c94d9deab2691dcf6f4) Importer(815301076,1909f56bfc062723c751e8b465ee728b)  -> (artifact id: 'd04d7a740afac5db962bec0b3ee46b44') in 0.101397 seconds 
========================================================================
Received Import Request.
  Time since last request: 18.032305 seconds.
  path: Assets/Karakter/Jump.png
  artifactKey: Guid(fe4559e6504f8c94d9deab2691dcf6f4) Importer(815301076,1909f56bfc062723c751e8b465ee728b)
Start importing Assets/Karakter/Jump.png using Guid(fe4559e6504f8c94d9deab2691dcf6f4) Importer(815301076,1909f56bfc062723c751e8b465ee728b)  -> (artifact id: 'e68c2497bba37ef03aa9fb74ed3874d8') in 0.084515 seconds 
========================================================================
Received Import Request.
  Time since last request: 401.333525 seconds.
  path: Assets/Karakter/Idle_0.controller
  artifactKey: Guid(2e84a553aa205f240b76405e7fe2f9aa) Importer(815301076,1909f56bfc062723c751e8b465ee728b)
Start importing Assets/Karakter/Idle_0.controller using Guid(2e84a553aa205f240b76405e7fe2f9aa) Importer(815301076,1909f56bfc062723c751e8b465ee728b)  -> (artifact id: '3d509e4926b0573540c785df925c4694') in 0.016272 seconds 
========================================================================
Received Import Request.
  Time since last request: 92.734635 seconds.
  path: Assets/Karakter/Animation.controller
  artifactKey: Guid(2e84a553aa205f240b76405e7fe2f9aa) Importer(815301076,1909f56bfc062723c751e8b465ee728b)
Start importing Assets/Karakter/Animation.controller using Guid(2e84a553aa205f240b76405e7fe2f9aa) Importer(815301076,1909f56bfc062723c751e8b465ee728b)  -> (artifact id: '21a48fefad4e9b973cc33590b1869352') in 0.011578 seconds 
========================================================================
Received Import Request.
  Time since last request: 32.475877 seconds.
  path: Assets/Karakter/chara.prefab
  artifactKey: Guid(de06f69efc3aa2b4092743d9afc07e91) Importer(815301076,1909f56bfc062723c751e8b465ee728b)
Start importing Assets/Karakter/chara.prefab using Guid(de06f69efc3aa2b4092743d9afc07e91) Importer(815301076,1909f56bfc062723c751e8b465ee728b)  -> (artifact id: 'bd219f04ded4e276406fa5562c57532b') in 0.056534 seconds 
========================================================================
Received Import Request.
  Time since last request: 188.244571 seconds.
  path: Assets/Player Control.cs
  artifactKey: Guid(ebc382301d2494c4c8c90ef68718cd65) Importer(815301076,1909f56bfc062723c751e8b465ee728b)
Start importing Assets/Player Control.cs using Guid(ebc382301d2494c4c8c90ef68718cd65) Importer(815301076,1909f56bfc062723c751e8b465ee728b)  -> (artifact id: '58cf5ae338e7749b8765315d342959eb') in 0.067965 seconds 
========================================================================
Received Prepare
Registering precompiled user dll's ...
Registered in 0.008094 seconds.
Begin MonoManager ReloadAssembly
Symbol file LoadedFromMemory doesn't match image D:\tugas\Piranti Interaksi\Library\PackageCache\com.unity.visualscripting@1.8.0\Editor\VisualScripting.Core\Dependencies\YamlDotNet\Unity.VisualScripting.YamlDotNet.dll
Symbol file LoadedFromMemory doesn't match image D:\tugas\Piranti Interaksi\Library\PackageCache\com.unity.visualscripting@1.8.0\Editor\VisualScripting.Core\Dependencies\DotNetZip\Unity.VisualScripting.IonicZip.dll
Native extension for WindowsStandalone target not found
Refreshing native plugins compatible for Editor in 0.78 ms, found 4 plugins.
Preloading 0 native plugins for Editor in 0.00 ms.
Mono: successfully reloaded assembly
- Completed reload, in  1.391 seconds
Domain Reload Profiling:
	ReloadAssembly (1392ms)
		BeginReloadAssembly (198ms)
			ExecutionOrderSort (0ms)
			DisableScriptedObjects (11ms)
			BackupInstance (0ms)
			ReleaseScriptingObjects (0ms)
			CreateAndSetChildDomain (58ms)
		EndReloadAssembly (1054ms)
			LoadAssemblies (123ms)
			RebuildTransferFunctionScriptingTraits (0ms)
			SetupTypeCache (336ms)
			ReleaseScriptCaches (2ms)
			RebuildScriptCaches (67ms)
			SetupLoadedEditorAssemblies (467ms)
				LogAssemblyErrors (0ms)
				InitializePlatformSupportModulesInManaged (16ms)
				SetLoadedEditorAssemblies (1ms)
				RefreshPlugins (1ms)
				BeforeProcessingInitializeOnLoad (92ms)
				ProcessInitializeOnLoadAttributes (288ms)
				ProcessInitializeOnLoadMethodAttributes (64ms)
				AfterProcessingInitializeOnLoad (5ms)
				EditorAssembliesLoaded (0ms)
			ExecutionOrderSort2 (0ms)
			AwakeInstancesAfterBackupRestoration (15ms)
Platform modules already initialized, skipping
Refreshing native plugins compatible for Editor in 4.01 ms, found 4 plugins.
Preloading 0 native plugins for Editor in 0.00 ms.
Unloading 3730 Unused Serialized files (Serialized files now loaded: 0)
Unloading 28 unused Assets / (195.9 KB). Loaded Objects now: 4218.
Memory consumption went from 146.6 MB to 146.4 MB.
Total: 4.878800 ms (FindLiveObjects: 0.331100 ms CreateObjectMapping: 0.162400 ms MarkObjects: 4.180600 ms  DeleteObjects: 0.203300 ms)

AssetImportParameters requested are different than current active one (requested -> active):
  custom:video-decoder-ogg-theora: a1e56fd34408186e4bbccfd4996cb3dc -> 
  custom:container-muxer-webm: aa71ff27fc2769a1b78a27578f13a17b -> 
  custom:container-demuxer-webm: 4f35f7cbe854078d1ac9338744f61a02 -> 
  custom:video-encoder-webm-vp8: eb34c28f22e8b96e1ab97ce403110664 -> 
  custom:audio-encoder-webm-vorbis: bf7c407c2cedff20999df2af8eb42d56 -> 
  custom:framework-win-MediaFoundation: 216162199b28c13a410421893ffa2e32 -> 
  custom:container-demuxer-ogg: 62fdf1f143b41e24485cea50d1cbac27 -> 
  custom:video-decoder-webm-vp8: 9c59270c3fd7afecdb556c50c9e8de78 -> 
  custom:audio-decoder-ogg-vorbis: bf7c407c2cedff20999df2af8eb42d56 -> 
========================================================================
Received Import Request.
  Time since last request: 404.446449 seconds.
  path: Assets/Player Control.cs
  artifactKey: Guid(ebc382301d2494c4c8c90ef68718cd65) Importer(815301076,1909f56bfc062723c751e8b465ee728b)
Start importing Assets/Player Control.cs using Guid(ebc382301d2494c4c8c90ef68718cd65) Importer(815301076,1909f56bfc062723c751e8b465ee728b)  -> (artifact id: 'ac6f9a57ed91cb80320fa8416d15f854') in 0.015863 seconds 
========================================================================
Received Import Request.
  Time since last request: 38.664472 seconds.
  path: Assets/Player Control.cs
  artifactKey: Guid(ebc382301d2494c4c8c90ef68718cd65) Importer(815301076,1909f56bfc062723c751e8b465ee728b)
Start importing Assets/Player Control.cs using Guid(ebc382301d2494c4c8c90ef68718cd65) Importer(815301076,1909f56bfc062723c751e8b465ee728b)  -> (artifact id: 'c63ba309b494723a9a6a3327585f6748') in 0.003124 seconds 
========================================================================
Received Import Request.
  Time since last request: 63.552380 seconds.
  path: Assets/Script
  artifactKey: Guid(58473aca546428542a004439670289d5) Importer(815301076,1909f56bfc062723c751e8b465ee728b)
Start importing Assets/Script using Guid(58473aca546428542a004439670289d5) Importer(815301076,1909f56bfc062723c751e8b465ee728b)  -> (artifact id: '294914e2149ba277a14f036ba4998fb7') in 0.009704 seconds 
========================================================================
Received Import Request.
  Time since last request: 10.785112 seconds.
  path: Assets/Script/GameManager.cs
  artifactKey: Guid(dae35e55067a2314da6df71038537768) Importer(815301076,1909f56bfc062723c751e8b465ee728b)
Start importing Assets/Script/GameManager.cs using Guid(dae35e55067a2314da6df71038537768) Importer(815301076,1909f56bfc062723c751e8b465ee728b)  -> (artifact id: 'b5e445a47ecd3584bc1cd34ef7ef9130') in 0.009916 seconds 
========================================================================
Received Import Request.
  Time since last request: 36.733209 seconds.
  path: Assets/Script/GameManager.cs
  artifactKey: Guid(dae35e55067a2314da6df71038537768) Importer(815301076,1909f56bfc062723c751e8b465ee728b)
Start importing Assets/Script/GameManager.cs using Guid(dae35e55067a2314da6df71038537768) Importer(815301076,1909f56bfc062723c751e8b465ee728b)  -> (artifact id: '3528e29b7a4615c158676b9e9559716d') in 0.003072 seconds 
========================================================================
Received Import Request.
  Time since last request: 160.454839 seconds.
  path: Assets/Karakter/Chara.prefab
  artifactKey: Guid(de06f69efc3aa2b4092743d9afc07e91) Importer(815301076,1909f56bfc062723c751e8b465ee728b)
Start importing Assets/Karakter/Chara.prefab using Guid(de06f69efc3aa2b4092743d9afc07e91) Importer(815301076,1909f56bfc062723c751e8b465ee728b)  -> (artifact id: '14f5469ed536469dc038a2bb6930513c') in 0.037077 seconds 
========================================================================
Received Import Request.
  Time since last request: 110.439894 seconds.
  path: Assets/Karakter/Chara.prefab
  artifactKey: Guid(de06f69efc3aa2b4092743d9afc07e91) Importer(815301076,1909f56bfc062723c751e8b465ee728b)
Start importing Assets/Karakter/Chara.prefab using Guid(de06f69efc3aa2b4092743d9afc07e91) Importer(815301076,1909f56bfc062723c751e8b465ee728b)  -> (artifact id: '47b552223d0de79973a6fb8840e90a3b') in 0.247627 seconds 
========================================================================
Received Import Request.
  Time since last request: 4.468730 seconds.
  path: Assets/Karakter/Chara.prefab
  artifactKey: Guid(de06f69efc3aa2b4092743d9afc07e91) Importer(815301076,1909f56bfc062723c751e8b465ee728b)
Start importing Assets/Karakter/Chara.prefab using Guid(de06f69efc3aa2b4092743d9afc07e91) Importer(815301076,1909f56bfc062723c751e8b465ee728b)  -> (artifact id: '10aeb3a605709deaecaa1fef7f390a3c') in 0.025115 seconds 
========================================================================
Received Import Request.
  Time since last request: 12.635452 seconds.
  path: Assets/Karakter/Chara.prefab
  artifactKey: Guid(de06f69efc3aa2b4092743d9afc07e91) Importer(815301076,1909f56bfc062723c751e8b465ee728b)
Start importing Assets/Karakter/Chara.prefab using Guid(de06f69efc3aa2b4092743d9afc07e91) Importer(815301076,1909f56bfc062723c751e8b465ee728b)  -> (artifact id: '7fd3b9f1220afa2415857d383a771965') in 0.019708 seconds 
========================================================================
Received Import Request.
  Time since last request: 135.474717 seconds.
  path: Assets/Tile/Tilemap.prefab
  artifactKey: Guid(6bf0f1f93554b264aa3908ce4c1ddb9e) Importer(815301076,1909f56bfc062723c751e8b465ee728b)
Start importing Assets/Tile/Tilemap.prefab using Guid(6bf0f1f93554b264aa3908ce4c1ddb9e) Importer(815301076,1909f56bfc062723c751e8b465ee728b)  -> (artifact id: 'cdab35e9aa6615c281411405cad84a51') in 0.016848 seconds 
========================================================================
Received Import Request.
  Time since last request: 182.434483 seconds.
  path: Assets/Tile/Tilemap.prefab
  artifactKey: Guid(6bf0f1f93554b264aa3908ce4c1ddb9e) Importer(815301076,1909f56bfc062723c751e8b465ee728b)
Start importing Assets/Tile/Tilemap.prefab using Guid(6bf0f1f93554b264aa3908ce4c1ddb9e) Importer(815301076,1909f56bfc062723c751e8b465ee728b)  -> (artifact id: 'ec9498f0b654a6e303e88d94adc00125') in 0.023327 seconds 
========================================================================
Received Import Request.
  Time since last request: 14.737557 seconds.
  path: Assets/Tile/New Prefab.prefab
  artifactKey: Guid(3ccbb541f2fb2bc43827118f7b3a5daf) Importer(815301076,1909f56bfc062723c751e8b465ee728b)
Start importing Assets/Tile/New Prefab.prefab using Guid(3ccbb541f2fb2bc43827118f7b3a5daf) Importer(815301076,1909f56bfc062723c751e8b465ee728b)  -> (artifact id: '26d3560e8a54e7e3c46c3e90ea2daea8') in 0.011786 seconds 
========================================================================
Received Import Request.
  Time since last request: 12.993818 seconds.
  path: Assets/Tile/Tile_03.prefab
  artifactKey: Guid(8cfaa89ba3ba11546a0120c6d66752f0) Importer(815301076,1909f56bfc062723c751e8b465ee728b)
Start importing Assets/Tile/Tile_03.prefab using Guid(8cfaa89ba3ba11546a0120c6d66752f0) Importer(815301076,1909f56bfc062723c751e8b465ee728b)  -> (artifact id: '0cc8ccd0c74984a58cc81b42ff1bc13f') in 0.238199 seconds 
========================================================================
Received Import Request.
  Time since last request: 0.000054 seconds.
  path: Assets/Tile/Tile_04.prefab
  artifactKey: Guid(f25f9d8a74c4d404197b5c6e6537b754) Importer(815301076,1909f56bfc062723c751e8b465ee728b)
Start importing Assets/Tile/Tile_04.prefab using Guid(f25f9d8a74c4d404197b5c6e6537b754) Importer(815301076,1909f56bfc062723c751e8b465ee728b)  -> (artifact id: '0d47beaceab5cd3ec8669044f8a59cc5') in 0.049526 seconds 
========================================================================
Received Import Request.
  Time since last request: 0.000085 seconds.
  path: Assets/Tile/Tile_05.prefab
  artifactKey: Guid(563256ce5d3fcec4caafb83ff214ca87) Importer(815301076,1909f56bfc062723c751e8b465ee728b)
Start importing Assets/Tile/Tile_05.prefab using Guid(563256ce5d3fcec4caafb83ff214ca87) Importer(815301076,1909f56bfc062723c751e8b465ee728b)  -> (artifact id: '16936fe3baa0bf3b01d8f87cb3c1b735') in 0.027361 seconds 
========================================================================
Received Import Request.
  Time since last request: 1025.060828 seconds.
  path: Assets/Collider/1.png
  artifactKey: Guid(e942f1fc6805d1241ba933fdf36b887e) Importer(815301076,1909f56bfc062723c751e8b465ee728b)
Start importing Assets/Collider/1.png using Guid(e942f1fc6805d1241ba933fdf36b887e) Importer(815301076,1909f56bfc062723c751e8b465ee728b)  -> (artifact id: '5f1c99d7dce2c7b75613b4695896ab5e') in 0.634266 seconds 
========================================================================
Received Import Request.
  Time since last request: 55.872234 seconds.
  path: Assets/Collider/1.png
  artifactKey: Guid(e942f1fc6805d1241ba933fdf36b887e) Importer(815301076,1909f56bfc062723c751e8b465ee728b)
Start importing Assets/Collider/1.png using Guid(e942f1fc6805d1241ba933fdf36b887e) Importer(815301076,1909f56bfc062723c751e8b465ee728b)  -> (artifact id: '91af4a0b392c65f1a6a425b2231f1000') in 0.084347 seconds 
========================================================================
Received Import Request.
  Time since last request: 0.000035 seconds.
  path: Assets/Collider/4.png
  artifactKey: Guid(86a429519d920bf428142cbb6cda4d37) Importer(815301076,1909f56bfc062723c751e8b465ee728b)
Start importing Assets/Collider/4.png using Guid(86a429519d920bf428142cbb6cda4d37) Importer(815301076,1909f56bfc062723c751e8b465ee728b)  -> (artifact id: '9befaf0b376f618ab4f74a2c1f37f434') in 0.026591 seconds 
========================================================================
Received Import Request.
  Time since last request: 0.000045 seconds.
  path: Assets/Collider/3.png
  artifactKey: Guid(a8d8aa18bbd971b449681fdc08c9cb72) Importer(815301076,1909f56bfc062723c751e8b465ee728b)
Start importing Assets/Collider/3.png using Guid(a8d8aa18bbd971b449681fdc08c9cb72) Importer(815301076,1909f56bfc062723c751e8b465ee728b)  -> (artifact id: 'ff98064aa59f50514a96183e2783b58f') in 0.027184 seconds 
========================================================================
Received Import Request.
  Time since last request: 0.000060 seconds.
  path: Assets/Collider/5.png
  artifactKey: Guid(16c981cb074d673479bf4148fd324191) Importer(815301076,1909f56bfc062723c751e8b465ee728b)
Start importing Assets/Collider/5.png using Guid(16c981cb074d673479bf4148fd324191) Importer(815301076,1909f56bfc062723c751e8b465ee728b)  -> (artifact id: '76bcba5f62cb7ba082cd93690f082adc') in 0.073498 seconds 
========================================================================
Received Import Request.
  Time since last request: 50.102142 seconds.
  path: Assets/Collider/New Prefab.prefab
  artifactKey: Guid(af844e11848182141a56dd8585716ccf) Importer(815301076,1909f56bfc062723c751e8b465ee728b)
Start importing Assets/Collider/New Prefab.prefab using Guid(af844e11848182141a56dd8585716ccf) Importer(815301076,1909f56bfc062723c751e8b465ee728b)  -> (artifact id: '033f7ff8040fec63bb2b74beca3890c6') in 0.012735 seconds 
========================================================================
Received Import Request.
  Time since last request: 13.045921 seconds.
  path: Assets/Collider/collider.prefab
  artifactKey: Guid(af844e11848182141a56dd8585716ccf) Importer(815301076,1909f56bfc062723c751e8b465ee728b)
Start importing Assets/Collider/collider.prefab using Guid(af844e11848182141a56dd8585716ccf) Importer(815301076,1909f56bfc062723c751e8b465ee728b)  -> (artifact id: '646d6dcb252e6e5bb0a68ba33dd1a665') in 0.012722 seconds 
